#
# There is insufficient memory for the Java Runtime Environment to continue.
# Native memory allocation (malloc) failed to allocate 1308416 bytes for Chunk::new
# Possible reasons:
#   The system is out of physical RAM or swap space
#   In 32 bit mode, the process size limit was hit
# Possible solutions:
#   Reduce memory load on the system
#   Increase physical memory or swap space
#   Check if swap backing store is full
#   Use 64 bit Java on a 64 bit OS
#   Decrease Java heap size (-Xmx/-Xms)
#   Decrease number of Java threads
#   Decrease Java thread stack sizes (-Xss)
#   Set larger code cache with -XX:ReservedCodeCacheSize=
# This output file may be truncated or incomplete.
#
#  Out of Memory Error (allocation.cpp:390), pid=12976, tid=512
#
# JRE version: Java(TM) SE Runtime Environment (8.0_25-b18) (build 1.8.0_25-b18)
# Java VM: Java HotSpot(TM) 64-Bit Server VM (25.25-b02 mixed mode windows-amd64 compressed oops)
# Failed to write core dump. Minidumps are not enabled by default on client versions of Windows
#

---------------  T H R E A D  ---------------

Current thread (0x0000000017991800):  JavaThread "C2 CompilerThread0" daemon [_thread_in_native, id=512, stack(0x0000000017f60000,0x0000000018060000)]

Stack: [0x0000000017f60000,0x0000000018060000]
Native frames: (J=compiled Java code, j=interpreted, Vv=VM code, C=native code)
V  [jvm.dll+0x31667a]
V  [jvm.dll+0x267073]
V  [jvm.dll+0x267cb3]
V  [jvm.dll+0x25f5b5]
V  [jvm.dll+0xbf165]
V  [jvm.dll+0xbf60c]
V  [jvm.dll+0x45d672]
V  [jvm.dll+0x49e8ef]
V  [jvm.dll+0x4524ef]
V  [jvm.dll+0x453864]
V  [jvm.dll+0x437372]
V  [jvm.dll+0x98a02]
V  [jvm.dll+0x991f3]
V  [jvm.dll+0x22bde4]
V  [jvm.dll+0x2852fa]
C  [msvcr100.dll+0x21d9f]
C  [msvcr100.dll+0x21e3b]
C  [KERNEL32.DLL+0x18102]
C  [ntdll.dll+0x5c5b4]


Current CompileTask:
C2:   3822 1029   !   4       com.android.dx.cf.code.BytecodeArray::parseInstruction (2764 bytes)


---------------  P R O C E S S  ---------------

Java Threads: ( => current thread )
  0x0000000017a23000 JavaThread "pool-1-thread-1" [_thread_in_vm, id=6344, stack(0x000000001a230000,0x000000001a330000)]
  0x0000000017a73800 JavaThread "Service Thread" daemon [_thread_blocked, id=5524, stack(0x0000000018360000,0x0000000018460000)]
  0x0000000017a1e800 JavaThread "C1 CompilerThread3" daemon [_thread_in_native, id=7908, stack(0x0000000018260000,0x0000000018360000)]
  0x0000000017a20800 JavaThread "C2 CompilerThread2" daemon [_thread_in_native, id=5460, stack(0x0000000018160000,0x0000000018260000)]
  0x0000000017a1c000 JavaThread "C2 CompilerThread1" daemon [_thread_in_native, id=9684, stack(0x0000000018060000,0x0000000018160000)]
=>0x0000000017991800 JavaThread "C2 CompilerThread0" daemon [_thread_in_native, id=512, stack(0x0000000017f60000,0x0000000018060000)]
  0x000000001798f800 JavaThread "Attach Listener" daemon [_thread_blocked, id=12336, stack(0x0000000017e60000,0x0000000017f60000)]
  0x00000000179dc800 JavaThread "Signal Dispatcher" daemon [_thread_blocked, id=2376, stack(0x0000000017d60000,0x0000000017e60000)]
  0x000000001595c800 JavaThread "Finalizer" daemon [_thread_blocked, id=11792, stack(0x0000000017840000,0x0000000017940000)]
  0x0000000002e32800 JavaThread "Reference Handler" daemon [_thread_blocked, id=12184, stack(0x0000000017740000,0x0000000017840000)]
  0x0000000002d3d800 JavaThread "main" [_thread_blocked, id=1920, stack(0x0000000002c20000,0x0000000002d20000)]

Other Threads:
  0x0000000015957800 VMThread [stack: 0x0000000017640000,0x0000000017740000] [id=3012]
  0x0000000017a74000 WatcherThread [stack: 0x0000000018460000,0x0000000018560000] [id=4304]

VM state:not at safepoint (normal execution)

VM Mutex/Monitor currently owned by a thread: None

Heap:
 PSYoungGen      total 38400K, used 24924K [0x00000000eab00000, 0x00000000ed580000, 0x0000000100000000)
  eden space 33280K, 74% used [0x00000000eab00000,0x00000000ec3570b8,0x00000000ecb80000)
  from space 5120K, 0% used [0x00000000ed080000,0x00000000ed080000,0x00000000ed580000)
  to   space 5120K, 0% used [0x00000000ecb80000,0x00000000ecb80000,0x00000000ed080000)
 ParOldGen       total 87552K, used 0K [0x00000000c0000000, 0x00000000c5580000, 0x00000000eab00000)
  object space 87552K, 0% used [0x00000000c0000000,0x00000000c0000000,0x00000000c5580000)
 Metaspace       used 5817K, capacity 6832K, committed 7040K, reserved 1056768K
  class space    used 592K, capacity 616K, committed 640K, reserved 1048576K

Card table byte_map: [0x0000000012200000,0x0000000012410000] byte_map_base: 0x0000000011c00000

Marking Bits: (ParMarkBitMap*) 0x0000000057c0d490
 Begin Bits: [0x0000000012d70000, 0x0000000013d70000)
 End Bits:   [0x0000000013d70000, 0x0000000014d70000)

Polling page: 0x0000000001450000

CodeCache: size=245760Kb used=4215Kb max_used=4215Kb free=241544Kb
 bounds [0x0000000002e40000, 0x0000000003270000, 0x0000000011e40000]
 total_blobs=1349 nmethods=1085 adapters=178
 compilation: enabled

Compilation events (10 events):
Event: 3.720 Thread 0x0000000017a1e800 nmethod 1047 0x0000000003242f90 code [0x0000000003243180, 0x0000000003243db8]
Event: 3.720 Thread 0x0000000017a1e800 1048       3       com.android.dx.rop.code.Insn::equalsHandleNulls (23 bytes)
Event: 3.720 Thread 0x0000000017a1e800 nmethod 1048 0x0000000003242a90 code [0x0000000003242c00, 0x0000000003242ec8]
Event: 3.720 Thread 0x0000000017a1e800 1049       3       com.android.dx.rop.code.SourcePosition::equals (46 bytes)
Event: 3.720 Thread 0x0000000017a1e800 nmethod 1049 0x00000000032422d0 code [0x0000000003242460, 0x0000000003242988]
Event: 3.720 Thread 0x0000000017a1e800 1050       3       com.android.dx.dex.code.RopTranslator$1::visitPlainCstInsn (64 bytes)
Event: 3.721 Thread 0x0000000017a1e800 nmethod 1050 0x00000000032449d0 code [0x0000000003244b60, 0x0000000003245330]
Event: 3.721 Thread 0x0000000017a1e800 1052       3       com.android.dx.dex.code.RopTranslator$LocalVariableAwareTranslationVisitor::visitPlainCstInsn (11 bytes)
Event: 3.722 Thread 0x0000000017a1e800 nmethod 1052 0x0000000003245510 code [0x0000000003245720, 0x0000000003246278]
Event: 3.722 Thread 0x0000000017a1e800 1053       3       com.android.dx.dex.code.RopTranslator$TranslationVisitor::visitPlainCstInsn (161 bytes)

GC Heap History (0 events):
No events

Deoptimization events (10 events):
Event: 3.018 Thread 0x0000000017c4c800 Uncommon trap: reason=class_check action=maybe_recompile pc=0x000000000310d360 method=com.android.dx.rop.type.Type.equals(Ljava/lang/Object;)Z @ 8
Event: 3.025 Thread 0x0000000017c4c800 Uncommon trap: reason=class_check action=maybe_recompile pc=0x000000000310d360 method=com.android.dx.rop.type.Type.equals(Ljava/lang/Object;)Z @ 8
Event: 3.025 Thread 0x0000000017c4c800 Uncommon trap: reason=class_check action=maybe_recompile pc=0x000000000310d360 method=com.android.dx.rop.type.Type.equals(Ljava/lang/Object;)Z @ 8
Event: 3.025 Thread 0x0000000017c4c800 Uncommon trap: reason=class_check action=maybe_recompile pc=0x000000000310d360 method=com.android.dx.rop.type.Type.equals(Ljava/lang/Object;)Z @ 8
Event: 3.395 Thread 0x0000000017a23800 Uncommon trap: reason=class_check action=maybe_recompile pc=0x0000000003169c48 method=com.android.dx.ssa.NormalSsaInsn.accept(Lcom/android/dx/ssa/SsaInsn$Visitor;)V @ 9
Event: 3.395 Thread 0x0000000017a23800 Uncommon trap: reason=class_check action=maybe_recompile pc=0x0000000003169c48 method=com.android.dx.ssa.NormalSsaInsn.accept(Lcom/android/dx/ssa/SsaInsn$Visitor;)V @ 9
Event: 3.395 Thread 0x0000000017a23800 Uncommon trap: reason=class_check action=maybe_recompile pc=0x0000000003169c48 method=com.android.dx.ssa.NormalSsaInsn.accept(Lcom/android/dx/ssa/SsaInsn$Visitor;)V @ 9
Event: 3.395 Thread 0x0000000017a23800 Uncommon trap: reason=class_check action=maybe_recompile pc=0x0000000003169c48 method=com.android.dx.ssa.NormalSsaInsn.accept(Lcom/android/dx/ssa/SsaInsn$Visitor;)V @ 9
Event: 3.395 Thread 0x0000000017a23800 Uncommon trap: reason=class_check action=maybe_recompile pc=0x0000000003112560 method=com.android.dx.ssa.NormalSsaInsn.accept(Lcom/android/dx/ssa/SsaInsn$Visitor;)V @ 9
Event: 3.657 Thread 0x0000000017a23800 Uncommon trap: reason=unreached action=reinterpret pc=0x00000000031d861c method=com.android.dx.ssa.SsaMethod.updateOneDefinition(Lcom/android/dx/ssa/SsaInsn;Lcom/android/dx/rop/code/RegisterSpec;)V @ 4

Internal exceptions (10 events):
Event: 2.894 Thread 0x0000000017bbb800 Exception <a 'java/security/PrivilegedActionException'> (0x00000000eb36e938) thrown at [D:\re\workspace\8-2-build-windows-amd64-cygwin\jdk8u25\1677\hotspot\src\share\vm\prims\jvm.cpp, line 1312]
Event: 2.897 Thread 0x0000000017c4c800 Exception <a 'java/security/PrivilegedActionException'> (0x00000000eb5eb818) thrown at [D:\re\workspace\8-2-build-windows-amd64-cygwin\jdk8u25\1677\hotspot\src\share\vm\prims\jvm.cpp, line 1312]
Event: 2.898 Thread 0x0000000017a23800 Exception <a 'java/security/PrivilegedActionException'> (0x00000000eb475988) thrown at [D:\re\workspace\8-2-build-windows-amd64-cygwin\jdk8u25\1677\hotspot\src\share\vm\prims\jvm.cpp, line 1312]
Event: 2.898 Thread 0x0000000017a23800 Exception <a 'java/security/PrivilegedActionException'> (0x00000000eb47a018) thrown at [D:\re\workspace\8-2-build-windows-amd64-cygwin\jdk8u25\1677\hotspot\src\share\vm\prims\jvm.cpp, line 1312]
Event: 2.899 Thread 0x0000000017a23800 Exception <a 'java/security/PrivilegedActionException'> (0x00000000eb47f9e0) thrown at [D:\re\workspace\8-2-build-windows-amd64-cygwin\jdk8u25\1677\hotspot\src\share\vm\prims\jvm.cpp, line 1312]
Event: 2.899 Thread 0x0000000017a23800 Exception <a 'java/security/PrivilegedActionException'> (0x00000000eb488468) thrown at [D:\re\workspace\8-2-build-windows-amd64-cygwin\jdk8u25\1677\hotspot\src\share\vm\prims\jvm.cpp, line 1312]
Event: 2.900 Thread 0x0000000017a23800 Exception <a 'java/security/PrivilegedActionException'> (0x00000000eb48dab8) thrown at [D:\re\workspace\8-2-build-windows-amd64-cygwin\jdk8u25\1677\hotspot\src\share\vm\prims\jvm.cpp, line 1312]
Event: 2.901 Thread 0x0000000017a23800 Exception <a 'java/security/PrivilegedActionException'> (0x00000000eb490a68) thrown at [D:\re\workspace\8-2-build-windows-amd64-cygwin\jdk8u25\1677\hotspot\src\share\vm\prims\jvm.cpp, line 1312]
Event: 2.902 Thread 0x0000000017bbb800 Exception <a 'java/security/PrivilegedActionException'> (0x00000000eb661710) thrown at [D:\re\workspace\8-2-build-windows-amd64-cygwin\jdk8u25\1677\hotspot\src\share\vm\prims\jvm.cpp, line 1312]
Event: 2.917 Thread 0x0000000017c4c800 Exception <a 'java/security/PrivilegedActionException'> (0x00000000eb615af0) thrown at [D:\re\workspace\8-2-build-windows-amd64-cygwin\jdk8u25\1677\hotspot\src\share\vm\prims\jvm.cpp, line 1312]

Events (10 events):
Event: 3.395 Thread 0x0000000017a23800 DEOPT PACKING pc=0x0000000003169c48 sp=0x0000000018a5e570
Event: 3.395 Thread 0x0000000017a23800 DEOPT UNPACKING pc=0x0000000002e8556a sp=0x0000000018a5e520 mode 2
Event: 3.395 Thread 0x0000000017a23800 Uncommon trap: trap_request=0xffffffde fr.pc=0x0000000003112560
Event: 3.395 Thread 0x0000000017a23800 DEOPT PACKING pc=0x0000000003112560 sp=0x0000000018a5e4f0
Event: 3.395 Thread 0x0000000017a23800 DEOPT UNPACKING pc=0x0000000002e8556a sp=0x0000000018a5e510 mode 2
Event: 3.657 Thread 0x0000000017a23800 Uncommon trap: trap_request=0xffffffad fr.pc=0x00000000031d861c
Event: 3.657 Thread 0x0000000017a23800 DEOPT PACKING pc=0x00000000031d861c sp=0x0000000018a5e320
Event: 3.657 Thread 0x0000000017a23800 DEOPT UNPACKING pc=0x0000000002e8556a sp=0x0000000018a5e2c8 mode 2
Event: 3.700 Executing VM operation: ForceSafepoint
Event: 3.701 Executing VM operation: ForceSafepoint done


Dynamic libraries:
0x00007ff60ff30000 - 0x00007ff60ff64000 	C:\Program Files\Java\jdk1.8.0_25\bin\java.exe
0x00007fffd4ed0000 - 0x00007fffd5091000 	C:\WINDOWS\SYSTEM32\ntdll.dll
0x00007fffd4b20000 - 0x00007fffd4bcd000 	C:\WINDOWS\system32\KERNEL32.DLL
0x00007fffd2080000 - 0x00007fffd2268000 	C:\WINDOWS\system32\KERNELBASE.dll
0x00007fffd4bd0000 - 0x00007fffd4c77000 	C:\WINDOWS\system32\ADVAPI32.dll
0x00007fffd2a70000 - 0x00007fffd2b0d000 	C:\WINDOWS\system32\msvcrt.dll
0x00007fffd3470000 - 0x00007fffd34cb000 	C:\WINDOWS\system32\sechost.dll
0x00007fffd4db0000 - 0x00007fffd4ecc000 	C:\WINDOWS\system32\RPCRT4.dll
0x00007fffd2b10000 - 0x00007fffd2c66000 	C:\WINDOWS\system32\USER32.dll
0x00007fffd2830000 - 0x00007fffd29b6000 	C:\WINDOWS\system32\GDI32.dll
0x00007fffc7290000 - 0x00007fffc7504000 	C:\WINDOWS\WinSxS\amd64_microsoft.windows.common-controls_6595b64144ccf1df_6.0.10586.0_none_8c15ae12515e1c22\COMCTL32.dll
0x00007fffd25b0000 - 0x00007fffd282d000 	C:\WINDOWS\system32\combase.dll
0x00007fffd1cd0000 - 0x00007fffd1d3a000 	C:\WINDOWS\system32\bcryptPrimitives.dll
0x00007fffd22d0000 - 0x00007fffd230b000 	C:\WINDOWS\system32\IMM32.DLL
0x0000000056c80000 - 0x0000000056d52000 	C:\Program Files\Java\jdk1.8.0_25\jre\bin\msvcr100.dll
0x0000000057430000 - 0x0000000057c8a000 	C:\Program Files\Java\jdk1.8.0_25\jre\bin\server\jvm.dll
0x00007fffd23f0000 - 0x00007fffd23f8000 	C:\WINDOWS\system32\PSAPI.DLL
0x00007fffc0c80000 - 0x00007fffc0c89000 	C:\WINDOWS\SYSTEM32\WSOCK32.dll
0x00007fffcfc30000 - 0x00007fffcfc53000 	C:\WINDOWS\SYSTEM32\WINMM.dll
0x00007fffd4a30000 - 0x00007fffd4a9b000 	C:\WINDOWS\system32\WS2_32.dll
0x00007fffcfbd0000 - 0x00007fffcfbfc000 	C:\WINDOWS\SYSTEM32\WINMMBASE.dll
0x00007fffd1630000 - 0x00007fffd1673000 	C:\WINDOWS\system32\cfgmgr32.dll
0x0000000057fd0000 - 0x0000000057fdf000 	C:\Program Files\Java\jdk1.8.0_25\jre\bin\verify.dll
0x0000000057fa0000 - 0x0000000057fc8000 	C:\Program Files\Java\jdk1.8.0_25\jre\bin\java.dll
0x0000000057f80000 - 0x0000000057f96000 	C:\Program Files\Java\jdk1.8.0_25\jre\bin\zip.dll
0x00007fffd34d0000 - 0x00007fffd4a2c000 	C:\WINDOWS\system32\SHELL32.dll
0x00007fffd1680000 - 0x00007fffd1cc4000 	C:\WINDOWS\system32\windows.storage.dll
0x00007fffd3410000 - 0x00007fffd3462000 	C:\WINDOWS\system32\shlwapi.dll
0x00007fffd1520000 - 0x00007fffd152f000 	C:\WINDOWS\system32\kernel.appcore.dll
0x00007fffd1fa0000 - 0x00007fffd2055000 	C:\WINDOWS\system32\shcore.dll
0x00007fffd1530000 - 0x00007fffd157b000 	C:\WINDOWS\system32\powrprof.dll
0x00007fffd1500000 - 0x00007fffd1514000 	C:\WINDOWS\system32\profapi.dll
0x00007fffb8650000 - 0x00007fffb87dc000 	C:\WINDOWS\SYSTEM32\dbghelp.dll

VM Arguments:
jvm_args: -Djava.awt.headless=true -Xmx1024M -Dfile.encoding=windows-1256 -Duser.country=US -Duser.language=en -Duser.variant 
java_command: com.android.dx.command.Main --dex --force-jumbo --num-threads=4 --multi-dex --output D:\Development\Android\PointsDiet\dev\PD6\app\build\intermediates\transforms\dex\debug\folders\1000\5\slice_3 D:\Development\Android\PointsDiet\dev\PD6\app\build\intermediates\transforms\instantRunSlicer\debug\folders\1\5\slice_3
java_class_path (initial): C:\Users\MSH\AppData\Local\Android\sdk\build-tools\23.0.3\lib\dx.jar
Launcher Type: SUN_STANDARD

Environment Variables:
JAVA_HOME=C:\Program Files\Java\jdk1.8.0_25
PATH=C:\ProgramData\Oracle\Java\javapath;C:\Program Files (x86)\Intel\iCLS Client\;C:\Program Files\Intel\iCLS Client\;C:\WINDOWS\system32;C:\WINDOWS;C:\WINDOWS\System32\Wbem;C:\WINDOWS\System32\WindowsPowerShell\v1.0\;C:\Program Files (x86)\Windows Live\Shared;c:\Program Files (x86)\Microsoft SQL Server\110\Tools\Binn\;c:\Program Files\Microsoft SQL Server\110\Tools\Binn\;c:\Program Files\Microsoft SQL Server\110\DTS\Binn\;c:\Program Files (x86)\Microsoft SQL Server\110\Tools\Binn\ManagementStudio\;c:\Program Files (x86)\Microsoft SQL Server\110\DTS\Binn\;C:\Program Files\MySQL\MySQL Server 5.6\bin;C:\Program Files (x86)\Intel\OpenCL SDK\2.0\bin\x86;C:\Program Files (x86)\Intel\OpenCL SDK\2.0\bin\x64;C:\Program Files\Intel\Intel(R) Management Engine Components\DAL;C:\Program Files\Intel\Intel(R) Management Engine Components\IPT;C:\Program Files (x86)\Intel\Intel(R) Management Engine Components\DAL;C:\Program Files (x86)\Intel\Intel(R) Management Engine Components\IPT;C:\Program Files (x86)\Microsoft ASP.NET\ASP.NET Web Pages\v1.0\;C:\Program Files\Microsoft\Web Platform Installer\;C:\Program Files (x86)\GtkSharp\2.12\bin;C:\Program Files (x86)\Microsoft SDKs\TypeScript\1.0\;;C:\Program Files (x86)\Microsoft VS Code\bin;C:\Python27;C:\Python27\Scripts
USERNAME=MSH
OS=Windows_NT
PROCESSOR_IDENTIFIER=Intel64 Family 6 Model 58 Stepping 9, GenuineIntel



---------------  S Y S T E M  ---------------

OS: Windows 8.1 , 64 bit Build 9600 

CPU:total 8 (4 cores per cpu, 2 threads per core) family 6 model 58 stepping 9, cmov, cx8, fxsr, mmx, sse, sse2, sse3, ssse3, sse4.1, sse4.2, popcnt, avx, aes, clmul, erms, ht, tsc, tscinvbit, tscinv

Memory: 4k page, physical 8272500k(756760k free), swap 25049716k(6776k free)

vm_info: Java HotSpot(TM) 64-Bit Server VM (25.25-b02) for windows-amd64 JRE (1.8.0_25-b18), built on Oct  7 2014 14:25:37 by "java_re" with MS VC++ 10.0 (VS2010)

time: Thu Jul 07 21:30:46 2016
elapsed time: 3 seconds (0d 0h 0m 3s)

