#
# There is insufficient memory for the Java Runtime Environment to continue.
# Native memory allocation (malloc) failed to allocate 519888 bytes for Chunk::new
# Possible reasons:
#   The system is out of physical RAM or swap space
#   In 32 bit mode, the process size limit was hit
# Possible solutions:
#   Reduce memory load on the system
#   Increase physical memory or swap space
#   Check if swap backing store is full
#   Use 64 bit Java on a 64 bit OS
#   Decrease Java heap size (-Xmx/-Xms)
#   Decrease number of Java threads
#   Decrease Java thread stack sizes (-Xss)
#   Set larger code cache with -XX:ReservedCodeCacheSize=
# This output file may be truncated or incomplete.
#
#  Out of Memory Error (allocation.cpp:390), pid=9624, tid=10912
#
# JRE version: Java(TM) SE Runtime Environment (8.0_25-b18) (build 1.8.0_25-b18)
# Java VM: Java HotSpot(TM) 64-Bit Server VM (25.25-b02 mixed mode windows-amd64 compressed oops)
# Failed to write core dump. Minidumps are not enabled by default on client versions of Windows
#

---------------  T H R E A D  ---------------

Current thread (0x00000000179f0000):  JavaThread "C2 CompilerThread0" daemon [_thread_in_native, id=10912, stack(0x0000000017fc0000,0x00000000180c0000)]

Stack: [0x0000000017fc0000,0x00000000180c0000]
Native frames: (J=compiled Java code, j=interpreted, Vv=VM code, C=native code)
V  [jvm.dll+0x31667a]


Current CompileTask:
C2:   1989 1276       4       com.android.dx.ssa.LiteralOpUpgrader::tryReplacingWithConstant (161 bytes)


---------------  P R O C E S S  ---------------

Java Threads: ( => current thread )
  0x0000000017d32800 JavaThread "pool-2-thread-4" [_thread_blocked, id=9540, stack(0x00000000191c0000,0x00000000192c0000)]
  0x0000000017d31800 JavaThread "pool-2-thread-3" [_thread_blocked, id=8144, stack(0x00000000190c0000,0x00000000191c0000)]
  0x0000000017db9800 JavaThread "pool-2-thread-2" [_thread_in_Java, id=8048, stack(0x0000000018fc0000,0x00000000190c0000)]
  0x0000000017d99000 JavaThread "pool-3-thread-1" [_thread_blocked, id=6496, stack(0x0000000018ec0000,0x0000000018fc0000)]
  0x0000000017db6800 JavaThread "pool-2-thread-1" [_thread_in_Java, id=5468, stack(0x0000000018dc0000,0x0000000018ec0000)]
  0x0000000017ad0800 JavaThread "Service Thread" daemon [_thread_blocked, id=11432, stack(0x00000000183c0000,0x00000000184c0000)]
  0x0000000017a40800 JavaThread "C1 CompilerThread3" daemon [_thread_blocked, id=6920, stack(0x00000000182c0000,0x00000000183c0000)]
  0x0000000017a43800 JavaThread "C2 CompilerThread2" daemon [_thread_in_native, id=13184, stack(0x00000000181c0000,0x00000000182c0000)]
  0x00000000179f3000 JavaThread "C2 CompilerThread1" daemon [_thread_in_native, id=5348, stack(0x00000000180c0000,0x00000000181c0000)]
=>0x00000000179f0000 JavaThread "C2 CompilerThread0" daemon [_thread_in_native, id=10912, stack(0x0000000017fc0000,0x00000000180c0000)]
  0x0000000017a3c800 JavaThread "Attach Listener" daemon [_thread_blocked, id=8780, stack(0x0000000017ec0000,0x0000000017fc0000)]
  0x0000000017a3b800 JavaThread "Signal Dispatcher" daemon [_thread_blocked, id=7004, stack(0x0000000017dc0000,0x0000000017ec0000)]
  0x00000000159cc800 JavaThread "Finalizer" daemon [_thread_blocked, id=11388, stack(0x00000000178c0000,0x00000000179c0000)]
  0x0000000002ea2800 JavaThread "Reference Handler" daemon [_thread_blocked, id=5440, stack(0x00000000177c0000,0x00000000178c0000)]
  0x0000000000f2d800 JavaThread "main" [_thread_blocked, id=11116, stack(0x0000000002cb0000,0x0000000002db0000)]

Other Threads:
  0x00000000159c8000 VMThread [stack: 0x00000000176c0000,0x00000000177c0000] [id=12668]
  0x0000000017ad9800 WatcherThread [stack: 0x00000000184c0000,0x00000000185c0000] [id=10876]

VM state:not at safepoint (normal execution)

VM Mutex/Monitor currently owned by a thread: None

Heap:
 PSYoungGen      total 38400K, used 25994K [0x00000000eab00000, 0x00000000ed580000, 0x0000000100000000)
  eden space 33280K, 62% used [0x00000000eab00000,0x00000000ebf68098,0x00000000ecb80000)
  from space 5120K, 99% used [0x00000000ed080000,0x00000000ed57aab8,0x00000000ed580000)
  to   space 5120K, 0% used [0x00000000ecb80000,0x00000000ecb80000,0x00000000ed080000)
 ParOldGen       total 87552K, used 4331K [0x00000000c0000000, 0x00000000c5580000, 0x00000000eab00000)
  object space 87552K, 4% used [0x00000000c0000000,0x00000000c043ad88,0x00000000c5580000)
 Metaspace       used 6268K, capacity 7152K, committed 7296K, reserved 1056768K
  class space    used 594K, capacity 616K, committed 640K, reserved 1048576K

Card table byte_map: [0x0000000012270000,0x0000000012480000] byte_map_base: 0x0000000011c70000

Marking Bits: (ParMarkBitMap*) 0x0000000057c0d490
 Begin Bits: [0x0000000012de0000, 0x0000000013de0000)
 End Bits:   [0x0000000013de0000, 0x0000000014de0000)

Polling page: 0x0000000000f00000

CodeCache: size=245760Kb used=6742Kb max_used=6742Kb free=239017Kb
 bounds [0x0000000002eb0000, 0x0000000003550000, 0x0000000011eb0000]
 total_blobs=1985 nmethods=1720 adapters=178
 compilation: enabled

Compilation events (10 events):
Event: 1.961 Thread 0x0000000017a40800 nmethod 1732 0x00000000035397d0 code [0x0000000003539960, 0x0000000003539ea8]
Event: 1.961 Thread 0x0000000017a40800 1733       3       java.util.concurrent.ThreadPoolExecutor$Worker::tryRelease (12 bytes)
Event: 1.961 Thread 0x0000000017a40800 nmethod 1733 0x0000000003539210 code [0x0000000003539380, 0x00000000035396b0]
Event: 1.979 Thread 0x0000000017a40800 1734       3       java.util.concurrent.locks.ReentrantLock$NonfairSync::lock (25 bytes)
Event: 1.979 Thread 0x0000000017a40800 nmethod 1734 0x0000000003547110 code [0x00000000035472e0, 0x0000000003547b18]
Event: 1.983 Thread 0x0000000017a40800 1736       2       com.android.dx.ssa.back.FirstFitLocalCombiningAllocator$Multiset::add (68 bytes)
Event: 1.983 Thread 0x0000000017a40800 nmethod 1736 0x0000000003547d90 code [0x0000000003547f00, 0x0000000003548170]
Event: 1.984 Thread 0x0000000017a40800 1737       2       java.util.Arrays::copyOf (19 bytes)
Event: 1.985 Thread 0x0000000017a40800 nmethod 1737 0x00000000035483d0 code [0x0000000003548540, 0x00000000035487a8]
Event: 1.985 Thread 0x0000000017a40800 1738       2       com.android.dx.ssa.PhiTypeResolver::resolveResultType (308 bytes)

GC Heap History (4 events):
Event: 1.224 GC heap before
{Heap before GC invocations=1 (full 0):
 PSYoungGen      total 38400K, used 33280K [0x00000000eab00000, 0x00000000ed580000, 0x0000000100000000)
  eden space 33280K, 100% used [0x00000000eab00000,0x00000000ecb80000,0x00000000ecb80000)
  from space 5120K, 0% used [0x00000000ed080000,0x00000000ed080000,0x00000000ed580000)
  to   space 5120K, 0% used [0x00000000ecb80000,0x00000000ecb80000,0x00000000ed080000)
 ParOldGen       total 87552K, used 0K [0x00000000c0000000, 0x00000000c5580000, 0x00000000eab00000)
  object space 87552K, 0% used [0x00000000c0000000,0x00000000c0000000,0x00000000c5580000)
 Metaspace       used 5857K, capacity 6832K, committed 7040K, reserved 1056768K
  class space    used 588K, capacity 616K, committed 640K, reserved 1048576K
Event: 1.231 GC heap after
Heap after GC invocations=1 (full 0):
 PSYoungGen      total 38400K, used 5088K [0x00000000eab00000, 0x00000000ed580000, 0x0000000100000000)
  eden space 33280K, 0% used [0x00000000eab00000,0x00000000eab00000,0x00000000ecb80000)
  from space 5120K, 99% used [0x00000000ecb80000,0x00000000ed078368,0x00000000ed080000)
  to   space 5120K, 0% used [0x00000000ed080000,0x00000000ed080000,0x00000000ed580000)
 ParOldGen       total 87552K, used 817K [0x00000000c0000000, 0x00000000c5580000, 0x00000000eab00000)
  object space 87552K, 0% used [0x00000000c0000000,0x00000000c00cc458,0x00000000c5580000)
 Metaspace       used 5857K, capacity 6832K, committed 7040K, reserved 1056768K
  class space    used 588K, capacity 616K, committed 640K, reserved 1048576K
}
Event: 1.572 GC heap before
{Heap before GC invocations=2 (full 0):
 PSYoungGen      total 38400K, used 38368K [0x00000000eab00000, 0x00000000ed580000, 0x0000000100000000)
  eden space 33280K, 100% used [0x00000000eab00000,0x00000000ecb80000,0x00000000ecb80000)
  from space 5120K, 99% used [0x00000000ecb80000,0x00000000ed078368,0x00000000ed080000)
  to   space 5120K, 0% used [0x00000000ed080000,0x00000000ed080000,0x00000000ed580000)
 ParOldGen       total 87552K, used 817K [0x00000000c0000000, 0x00000000c5580000, 0x00000000eab00000)
  object space 87552K, 0% used [0x00000000c0000000,0x00000000c00cc458,0x00000000c5580000)
 Metaspace       used 6187K, capacity 7088K, committed 7296K, reserved 1056768K
  class space    used 594K, capacity 616K, committed 640K, reserved 1048576K
Event: 1.593 GC heap after
Heap after GC invocations=2 (full 0):
 PSYoungGen      total 38400K, used 5098K [0x00000000eab00000, 0x00000000ed580000, 0x0000000100000000)
  eden space 33280K, 0% used [0x00000000eab00000,0x00000000eab00000,0x00000000ecb80000)
  from space 5120K, 99% used [0x00000000ed080000,0x00000000ed57aab8,0x00000000ed580000)
  to   space 5120K, 0% used [0x00000000ecb80000,0x00000000ecb80000,0x00000000ed080000)
 ParOldGen       total 87552K, used 4331K [0x00000000c0000000, 0x00000000c5580000, 0x00000000eab00000)
  object space 87552K, 4% used [0x00000000c0000000,0x00000000c043ad88,0x00000000c5580000)
 Metaspace       used 6187K, capacity 7088K, committed 7296K, reserved 1056768K
  class space    used 594K, capacity 616K, committed 640K, reserved 1048576K
}

Deoptimization events (10 events):
Event: 1.018 Thread 0x0000000017d31800 Uncommon trap: reason=unreached action=reinterpret pc=0x0000000003135cd8 method=com.android.dx.rop.code.LocalItem.hashCode()I @ 25
Event: 1.022 Thread 0x0000000017db6800 Uncommon trap: reason=class_check action=maybe_recompile pc=0x00000000030f6570 method=com.android.dx.ssa.NormalSsaInsn.accept(Lcom/android/dx/ssa/SsaInsn$Visitor;)V @ 9
Event: 1.022 Thread 0x0000000017db6800 Uncommon trap: reason=class_check action=maybe_recompile pc=0x00000000030f6570 method=com.android.dx.ssa.NormalSsaInsn.accept(Lcom/android/dx/ssa/SsaInsn$Visitor;)V @ 9
Event: 1.022 Thread 0x0000000017db6800 Uncommon trap: reason=class_check action=maybe_recompile pc=0x00000000030f6570 method=com.android.dx.ssa.NormalSsaInsn.accept(Lcom/android/dx/ssa/SsaInsn$Visitor;)V @ 9
Event: 1.076 Thread 0x0000000017db9800 Uncommon trap: reason=unreached action=reinterpret pc=0x000000000312f85c method=com.android.dx.rop.cst.Constant.compareTo(Lcom/android/dx/rop/cst/Constant;)I @ 12
Event: 1.099 Thread 0x0000000017d31800 Uncommon trap: reason=class_check action=maybe_recompile pc=0x00000000031b56a0 method=com.android.dx.ssa.NormalSsaInsn.accept(Lcom/android/dx/ssa/SsaInsn$Visitor;)V @ 9
Event: 1.320 Thread 0x0000000017db6800 Uncommon trap: reason=null_check action=make_not_entrant pc=0x00000000032067b0 method=com.android.dx.ssa.SsaRenamer.getLocalForNewReg(I)Lcom/android/dx/rop/code/LocalItem; @ 19
Event: 1.690 Thread 0x0000000017d31800 Uncommon trap: reason=bimorphic action=maybe_recompile pc=0x000000000345475c method=com.android.dx.rop.code.RegisterSpec.withSimpleType()Lcom/android/dx/rop/code/RegisterSpec; @ 21
Event: 1.885 Thread 0x0000000017db9800 Uncommon trap: reason=unreached action=reinterpret pc=0x0000000003511b40 method=com.android.dx.ssa.SCCP.simulateBranch(Lcom/android/dx/ssa/SsaInsn;)V @ 132
Event: 1.886 Thread 0x0000000017db9800 Uncommon trap: reason=unreached action=reinterpret pc=0x00000000031d611c method=com.android.dx.ssa.SsaMethod.updateOneDefinition(Lcom/android/dx/ssa/SsaInsn;Lcom/android/dx/rop/code/RegisterSpec;)V @ 4

Internal exceptions (10 events):
Event: 1.319 Thread 0x0000000000f2d800 Exception <a 'java/security/PrivilegedActionException'> (0x00000000eb2a3bb0) thrown at [D:\re\workspace\8-2-build-windows-amd64-cygwin\jdk8u25\1677\hotspot\src\share\vm\prims\jvm.cpp, line 1312]
Event: 1.320 Thread 0x0000000017db6800 Implicit null exception at 0x0000000003203f03 to 0x000000000320678d
Event: 1.336 Thread 0x0000000000f2d800 Exception <a 'java/security/PrivilegedActionException'> (0x00000000eb2b8680) thrown at [D:\re\workspace\8-2-build-windows-amd64-cygwin\jdk8u25\1677\hotspot\src\share\vm\prims\jvm.cpp, line 1312]
Event: 1.337 Thread 0x0000000000f2d800 Exception <a 'java/security/PrivilegedActionException'> (0x00000000eb2be398) thrown at [D:\re\workspace\8-2-build-windows-amd64-cygwin\jdk8u25\1677\hotspot\src\share\vm\prims\jvm.cpp, line 1312]
Event: 1.339 Thread 0x0000000000f2d800 Exception <a 'java/security/PrivilegedActionException'> (0x00000000eb2c3e88) thrown at [D:\re\workspace\8-2-build-windows-amd64-cygwin\jdk8u25\1677\hotspot\src\share\vm\prims\jvm.cpp, line 1312]
Event: 1.377 Thread 0x0000000000f2d800 Exception <a 'java/security/PrivilegedActionException'> (0x00000000eb9b78f8) thrown at [D:\re\workspace\8-2-build-windows-amd64-cygwin\jdk8u25\1677\hotspot\src\share\vm\prims\jvm.cpp, line 1312]
Event: 1.422 Thread 0x0000000000f2d800 Exception <a 'java/security/PrivilegedActionException'> (0x00000000eba193f8) thrown at [D:\re\workspace\8-2-build-windows-amd64-cygwin\jdk8u25\1677\hotspot\src\share\vm\prims\jvm.cpp, line 1312]
Event: 1.422 Thread 0x0000000000f2d800 Exception <a 'java/security/PrivilegedActionException'> (0x00000000eba1bb08) thrown at [D:\re\workspace\8-2-build-windows-amd64-cygwin\jdk8u25\1677\hotspot\src\share\vm\prims\jvm.cpp, line 1312]
Event: 1.496 Thread 0x0000000017d32800 Exception <a 'java/security/PrivilegedActionException'> (0x00000000ec4d92f0) thrown at [D:\re\workspace\8-2-build-windows-amd64-cygwin\jdk8u25\1677\hotspot\src\share\vm\prims\jvm.cpp, line 1312]
Event: 1.885 Thread 0x0000000017db9800 Exception <a 'java/security/PrivilegedActionException'> (0x00000000eba09270) thrown at [D:\re\workspace\8-2-build-windows-amd64-cygwin\jdk8u25\1677\hotspot\src\share\vm\prims\jvm.cpp, line 1312]

Events (10 events):
Event: 1.885 Thread 0x0000000017db9800 Uncommon trap: trap_request=0xffffffad fr.pc=0x0000000003511b40
Event: 1.885 Thread 0x0000000017db9800 DEOPT PACKING pc=0x0000000003511b40 sp=0x00000000190be5d0
Event: 1.885 Thread 0x0000000017db9800 DEOPT UNPACKING pc=0x0000000002ef556a sp=0x00000000190be5b8 mode 2
Event: 1.885 loading class com/android/dx/rop/code/RegOps
Event: 1.885 loading class com/android/dx/rop/code/RegOps done
Event: 1.886 Thread 0x0000000017db9800 Uncommon trap: trap_request=0xffffffad fr.pc=0x00000000031d611c
Event: 1.886 Thread 0x0000000017db9800 DEOPT PACKING pc=0x00000000031d611c sp=0x00000000190be500
Event: 1.886 Thread 0x0000000017db9800 DEOPT UNPACKING pc=0x0000000002ef556a sp=0x00000000190be4a8 mode 2
Event: 1.893 Thread 0x0000000017db9800 DEOPT PACKING pc=0x00000000031dc535 sp=0x00000000190be520
Event: 1.894 Thread 0x0000000017db9800 DEOPT UNPACKING pc=0x0000000002ef75bf sp=0x00000000190be288 mode 0


Dynamic libraries:
0x00007ff60ff30000 - 0x00007ff60ff64000 	C:\Program Files\Java\jdk1.8.0_25\bin\java.exe
0x00007fffd4ed0000 - 0x00007fffd5091000 	C:\WINDOWS\SYSTEM32\ntdll.dll
0x00007fffd4b20000 - 0x00007fffd4bcd000 	C:\WINDOWS\system32\KERNEL32.DLL
0x00007fffd2080000 - 0x00007fffd2268000 	C:\WINDOWS\system32\KERNELBASE.dll
0x00007fffd4bd0000 - 0x00007fffd4c77000 	C:\WINDOWS\system32\ADVAPI32.dll
0x00007fffd2a70000 - 0x00007fffd2b0d000 	C:\WINDOWS\system32\msvcrt.dll
0x00007fffd3470000 - 0x00007fffd34cb000 	C:\WINDOWS\system32\sechost.dll
0x00007fffd4db0000 - 0x00007fffd4ecc000 	C:\WINDOWS\system32\RPCRT4.dll
0x00007fffd2b10000 - 0x00007fffd2c66000 	C:\WINDOWS\system32\USER32.dll
0x00007fffd2830000 - 0x00007fffd29b6000 	C:\WINDOWS\system32\GDI32.dll
0x00007fffc7290000 - 0x00007fffc7504000 	C:\WINDOWS\WinSxS\amd64_microsoft.windows.common-controls_6595b64144ccf1df_6.0.10586.0_none_8c15ae12515e1c22\COMCTL32.dll
0x00007fffd25b0000 - 0x00007fffd282d000 	C:\WINDOWS\system32\combase.dll
0x00007fffd1cd0000 - 0x00007fffd1d3a000 	C:\WINDOWS\system32\bcryptPrimitives.dll
0x00007fffd22d0000 - 0x00007fffd230b000 	C:\WINDOWS\system32\IMM32.DLL
0x0000000056c80000 - 0x0000000056d52000 	C:\Program Files\Java\jdk1.8.0_25\jre\bin\msvcr100.dll
0x0000000057430000 - 0x0000000057c8a000 	C:\Program Files\Java\jdk1.8.0_25\jre\bin\server\jvm.dll
0x00007fffd23f0000 - 0x00007fffd23f8000 	C:\WINDOWS\system32\PSAPI.DLL
0x00007fffcfc30000 - 0x00007fffcfc53000 	C:\WINDOWS\SYSTEM32\WINMM.dll
0x00007fffc0c80000 - 0x00007fffc0c89000 	C:\WINDOWS\SYSTEM32\WSOCK32.dll
0x00007fffd4a30000 - 0x00007fffd4a9b000 	C:\WINDOWS\system32\WS2_32.dll
0x00007fffcfbd0000 - 0x00007fffcfbfc000 	C:\WINDOWS\SYSTEM32\WINMMBASE.dll
0x00007fffd1630000 - 0x00007fffd1673000 	C:\WINDOWS\system32\cfgmgr32.dll
0x0000000057fd0000 - 0x0000000057fdf000 	C:\Program Files\Java\jdk1.8.0_25\jre\bin\verify.dll
0x0000000057fa0000 - 0x0000000057fc8000 	C:\Program Files\Java\jdk1.8.0_25\jre\bin\java.dll
0x0000000057f80000 - 0x0000000057f96000 	C:\Program Files\Java\jdk1.8.0_25\jre\bin\zip.dll
0x00007fffd34d0000 - 0x00007fffd4a2c000 	C:\WINDOWS\system32\SHELL32.dll
0x00007fffd1680000 - 0x00007fffd1cc4000 	C:\WINDOWS\system32\windows.storage.dll
0x00007fffd3410000 - 0x00007fffd3462000 	C:\WINDOWS\system32\shlwapi.dll
0x00007fffd1520000 - 0x00007fffd152f000 	C:\WINDOWS\system32\kernel.appcore.dll
0x00007fffd1fa0000 - 0x00007fffd2055000 	C:\WINDOWS\system32\shcore.dll
0x00007fffd1530000 - 0x00007fffd157b000 	C:\WINDOWS\system32\powrprof.dll
0x00007fffd1500000 - 0x00007fffd1514000 	C:\WINDOWS\system32\profapi.dll

VM Arguments:
jvm_args: -Djava.awt.headless=true -Xmx1024M -Dfile.encoding=windows-1256 -Duser.country=US -Duser.language=en -Duser.variant 
java_command: com.android.dx.command.Main --dex --force-jumbo --num-threads=4 --multi-dex --output D:\Development\Android\PointsDiet\dev\PD6\app\build\intermediates\transforms\dex\debug\folders\1000\10\internal_impl-23.3.0_efcb5f30bcc5658ab376f7f854c6e77fa431cad6 D:\Development\Android\PointsDiet\dev\PD6\app\build\intermediates\exploded-aar\com.android.support\support-v4\23.3.0\jars\libs\internal_impl-23.3.0.jar
java_class_path (initial): C:\Users\MSH\AppData\Local\Android\sdk\build-tools\23.0.3\lib\dx.jar
Launcher Type: SUN_STANDARD

Environment Variables:
JAVA_HOME=C:\Program Files\Java\jdk1.8.0_25
PATH=C:\ProgramData\Oracle\Java\javapath;C:\Program Files (x86)\Intel\iCLS Client\;C:\Program Files\Intel\iCLS Client\;C:\WINDOWS\system32;C:\WINDOWS;C:\WINDOWS\System32\Wbem;C:\WINDOWS\System32\WindowsPowerShell\v1.0\;C:\Program Files (x86)\Windows Live\Shared;c:\Program Files (x86)\Microsoft SQL Server\110\Tools\Binn\;c:\Program Files\Microsoft SQL Server\110\Tools\Binn\;c:\Program Files\Microsoft SQL Server\110\DTS\Binn\;c:\Program Files (x86)\Microsoft SQL Server\110\Tools\Binn\ManagementStudio\;c:\Program Files (x86)\Microsoft SQL Server\110\DTS\Binn\;C:\Program Files\MySQL\MySQL Server 5.6\bin;C:\Program Files (x86)\Intel\OpenCL SDK\2.0\bin\x86;C:\Program Files (x86)\Intel\OpenCL SDK\2.0\bin\x64;C:\Program Files\Intel\Intel(R) Management Engine Components\DAL;C:\Program Files\Intel\Intel(R) Management Engine Components\IPT;C:\Program Files (x86)\Intel\Intel(R) Management Engine Components\DAL;C:\Program Files (x86)\Intel\Intel(R) Management Engine Components\IPT;C:\Program Files (x86)\Microsoft ASP.NET\ASP.NET Web Pages\v1.0\;C:\Program Files\Microsoft\Web Platform Installer\;C:\Program Files (x86)\GtkSharp\2.12\bin;C:\Program Files (x86)\Microsoft SDKs\TypeScript\1.0\;;C:\Program Files (x86)\Microsoft VS Code\bin;C:\Python27;C:\Python27\Scripts
USERNAME=MSH
OS=Windows_NT
PROCESSOR_IDENTIFIER=Intel64 Family 6 Model 58 Stepping 9, GenuineIntel



---------------  S Y S T E M  ---------------

OS: Windows 8.1 , 64 bit Build 9600 

CPU:total 8 (4 cores per cpu, 2 threads per core) family 6 model 58 stepping 9, cmov, cx8, fxsr, mmx, sse, sse2, sse3, ssse3, sse4.1, sse4.2, popcnt, avx, aes, clmul, erms, ht, tsc, tscinvbit, tscinv

Memory: 4k page, physical 8272500k(617308k free), swap 25049716k(5128k free)

vm_info: Java HotSpot(TM) 64-Bit Server VM (25.25-b02) for windows-amd64 JRE (1.8.0_25-b18), built on Oct  7 2014 14:25:37 by "java_re" with MS VC++ 10.0 (VS2010)

time: Thu Jul 07 21:31:56 2016
elapsed time: 1 seconds (0d 0h 0m 1s)

