#
# There is insufficient memory for the Java Runtime Environment to continue.
# Native memory allocation (malloc) failed to allocate 1048576 bytes for AllocateHeap
# Possible reasons:
#   The system is out of physical RAM or swap space
#   In 32 bit mode, the process size limit was hit
# Possible solutions:
#   Reduce memory load on the system
#   Increase physical memory or swap space
#   Check if swap backing store is full
#   Use 64 bit Java on a 64 bit OS
#   Decrease Java heap size (-Xmx/-Xms)
#   Decrease number of Java threads
#   Decrease Java thread stack sizes (-Xss)
#   Set larger code cache with -XX:ReservedCodeCacheSize=
# This output file may be truncated or incomplete.
#
#  Out of Memory Error (memory/allocation.inline.hpp:62), pid=10044, tid=5392
#
# JRE version:  (8.0_25-b18) (build )
# Java VM: Java HotSpot(TM) 64-Bit Server VM (25.25-b02 mixed mode windows-amd64 compressed oops)
# Failed to write core dump. Minidumps are not enabled by default on client versions of Windows
#

---------------  T H R E A D  ---------------

Current thread (0x0000000002b5d800):  JavaThread "Unknown thread" [_thread_in_vm, id=5392, stack(0x0000000002a00000,0x0000000002b00000)]

Stack: [0x0000000002a00000,0x0000000002b00000]
Native frames: (J=compiled Java code, j=interpreted, Vv=VM code, C=native code)
V  [jvm.dll+0x31667a]
V  [jvm.dll+0x267073]
V  [jvm.dll+0x267cb3]
V  [jvm.dll+0x25f5b5]
V  [jvm.dll+0x25e60f]
V  [jvm.dll+0x3d616c]
V  [jvm.dll+0x3d1967]
V  [jvm.dll+0xe53f2]
V  [jvm.dll+0x1f9b19]
V  [jvm.dll+0x22b2e4]
V  [jvm.dll+0x14d571]
C  [java.exe+0x20b6]
C  [java.exe+0xc9bb]
C  [java.exe+0xca4f]
C  [KERNEL32.DLL+0x18102]
C  [ntdll.dll+0x5c5b4]


---------------  P R O C E S S  ---------------

Java Threads: ( => current thread )

Other Threads:

=>0x0000000002b5d800 (exited) JavaThread "Unknown thread" [_thread_in_vm, id=5392, stack(0x0000000002a00000,0x0000000002b00000)]

VM state:not at safepoint (normal execution)

VM Mutex/Monitor currently owned by a thread: None

Heap:
 PSYoungGen      total 38400K, used 665K [0x00000000eab00000, 0x00000000ed580000, 0x0000000100000000)
  eden space 33280K, 2% used [0x00000000eab00000,0x00000000eaba6670,0x00000000ecb80000)
  from space 5120K, 0% used [0x00000000ed080000,0x00000000ed080000,0x00000000ed580000)
  to   space 5120K, 0% used [0x00000000ecb80000,0x00000000ecb80000,0x00000000ed080000)
 ParOldGen       total 87552K, used 0K [0x00000000c0000000, 0x00000000c5580000, 0x00000000eab00000)
  object space 87552K, 0% used [0x00000000c0000000,0x00000000c0000000,0x00000000c5580000)
 Metaspace       used 674K, capacity 4480K, committed 4480K, reserved 1056768K
  class space    used 66K, capacity 384K, committed 384K, reserved 1048576K

Card table byte_map: [0x0000000012020000,0x0000000012230000] byte_map_base: 0x0000000011a20000

Marking Bits: (ParMarkBitMap*) 0x0000000057c0d490
 Begin Bits: [0x0000000012b90000, 0x0000000013b90000)
 End Bits:   [0x0000000013b90000, 0x0000000014b90000)

Polling page: 0x00000000011b0000

CodeCache: size=245760Kb used=327Kb max_used=327Kb free=245432Kb
 bounds [0x0000000002c60000, 0x0000000002ed0000, 0x0000000011c60000]
 total_blobs=56 nmethods=0 adapters=37
 compilation: enabled

Compilation events (0 events):
No events

GC Heap History (0 events):
No events

Deoptimization events (0 events):
No events

Internal exceptions (0 events):
No events

Events (10 events):
Event: 0.018 loading class java/lang/Short
Event: 0.018 loading class java/lang/Short done
Event: 0.018 loading class java/lang/Integer
Event: 0.019 loading class java/lang/Integer done
Event: 0.019 loading class java/lang/Long
Event: 0.019 loading class java/lang/Long done
Event: 0.019 loading class java/lang/NullPointerException
Event: 0.019 loading class java/lang/NullPointerException done
Event: 0.019 loading class java/lang/ArithmeticException
Event: 0.019 loading class java/lang/ArithmeticException done


Dynamic libraries:
0x00007ff60ff30000 - 0x00007ff60ff64000 	C:\Program Files\Java\jdk1.8.0_25\bin\java.exe
0x00007fffd4ed0000 - 0x00007fffd5091000 	C:\WINDOWS\SYSTEM32\ntdll.dll
0x00007fffd4b20000 - 0x00007fffd4bcd000 	C:\WINDOWS\system32\KERNEL32.DLL
0x00007fffd2080000 - 0x00007fffd2268000 	C:\WINDOWS\system32\KERNELBASE.dll
0x00007fffd4bd0000 - 0x00007fffd4c77000 	C:\WINDOWS\system32\ADVAPI32.dll
0x00007fffd2a70000 - 0x00007fffd2b0d000 	C:\WINDOWS\system32\msvcrt.dll
0x00007fffd3470000 - 0x00007fffd34cb000 	C:\WINDOWS\system32\sechost.dll
0x00007fffd4db0000 - 0x00007fffd4ecc000 	C:\WINDOWS\system32\RPCRT4.dll
0x00007fffd2b10000 - 0x00007fffd2c66000 	C:\WINDOWS\system32\USER32.dll
0x00007fffd2830000 - 0x00007fffd29b6000 	C:\WINDOWS\system32\GDI32.dll
0x00007fffc7290000 - 0x00007fffc7504000 	C:\WINDOWS\WinSxS\amd64_microsoft.windows.common-controls_6595b64144ccf1df_6.0.10586.0_none_8c15ae12515e1c22\COMCTL32.dll
0x00007fffd25b0000 - 0x00007fffd282d000 	C:\WINDOWS\system32\combase.dll
0x00007fffd1cd0000 - 0x00007fffd1d3a000 	C:\WINDOWS\system32\bcryptPrimitives.dll
0x00007fffd22d0000 - 0x00007fffd230b000 	C:\WINDOWS\system32\IMM32.DLL
0x0000000056c80000 - 0x0000000056d52000 	C:\Program Files\Java\jdk1.8.0_25\jre\bin\msvcr100.dll
0x0000000057430000 - 0x0000000057c8a000 	C:\Program Files\Java\jdk1.8.0_25\jre\bin\server\jvm.dll
0x00007fffd23f0000 - 0x00007fffd23f8000 	C:\WINDOWS\system32\PSAPI.DLL
0x00007fffc0c80000 - 0x00007fffc0c89000 	C:\WINDOWS\SYSTEM32\WSOCK32.dll
0x00007fffcfc30000 - 0x00007fffcfc53000 	C:\WINDOWS\SYSTEM32\WINMM.dll
0x00007fffd4a30000 - 0x00007fffd4a9b000 	C:\WINDOWS\system32\WS2_32.dll
0x00000000011e0000 - 0x000000000120c000 	C:\WINDOWS\SYSTEM32\WINMMBASE.dll
0x00007fffd1630000 - 0x00007fffd1673000 	C:\WINDOWS\system32\cfgmgr32.dll
0x0000000057fd0000 - 0x0000000057fdf000 	C:\Program Files\Java\jdk1.8.0_25\jre\bin\verify.dll
0x0000000057fa0000 - 0x0000000057fc8000 	C:\Program Files\Java\jdk1.8.0_25\jre\bin\java.dll
0x0000000057f80000 - 0x0000000057f96000 	C:\Program Files\Java\jdk1.8.0_25\jre\bin\zip.dll
0x00007fffb8650000 - 0x00007fffb87dc000 	C:\WINDOWS\SYSTEM32\dbghelp.dll

VM Arguments:
jvm_args: -Djava.awt.headless=true -Xmx1024M -Dfile.encoding=windows-1256 -Duser.country=US -Duser.language=en -Duser.variant 
java_command: com.android.dx.command.Main --dex --force-jumbo --num-threads=4 --multi-dex --output D:\Development\Android\PointsDiet\dev\PD6\app\build\intermediates\transforms\dex\debug\folders\1000\5\slice_2 D:\Development\Android\PointsDiet\dev\PD6\app\build\intermediates\transforms\instantRunSlicer\debug\folders\1\5\slice_2
java_class_path (initial): C:\Users\MSH\AppData\Local\Android\sdk\build-tools\23.0.3\lib\dx.jar
Launcher Type: SUN_STANDARD

Environment Variables:
JAVA_HOME=C:\Program Files\Java\jdk1.8.0_25
PATH=C:\ProgramData\Oracle\Java\javapath;C:\Program Files (x86)\Intel\iCLS Client\;C:\Program Files\Intel\iCLS Client\;C:\WINDOWS\system32;C:\WINDOWS;C:\WINDOWS\System32\Wbem;C:\WINDOWS\System32\WindowsPowerShell\v1.0\;C:\Program Files (x86)\Windows Live\Shared;c:\Program Files (x86)\Microsoft SQL Server\110\Tools\Binn\;c:\Program Files\Microsoft SQL Server\110\Tools\Binn\;c:\Program Files\Microsoft SQL Server\110\DTS\Binn\;c:\Program Files (x86)\Microsoft SQL Server\110\Tools\Binn\ManagementStudio\;c:\Program Files (x86)\Microsoft SQL Server\110\DTS\Binn\;C:\Program Files\MySQL\MySQL Server 5.6\bin;C:\Program Files (x86)\Intel\OpenCL SDK\2.0\bin\x86;C:\Program Files (x86)\Intel\OpenCL SDK\2.0\bin\x64;C:\Program Files\Intel\Intel(R) Management Engine Components\DAL;C:\Program Files\Intel\Intel(R) Management Engine Components\IPT;C:\Program Files (x86)\Intel\Intel(R) Management Engine Components\DAL;C:\Program Files (x86)\Intel\Intel(R) Management Engine Components\IPT;C:\Program Files (x86)\Microsoft ASP.NET\ASP.NET Web Pages\v1.0\;C:\Program Files\Microsoft\Web Platform Installer\;C:\Program Files (x86)\GtkSharp\2.12\bin;C:\Program Files (x86)\Microsoft SDKs\TypeScript\1.0\;;C:\Program Files (x86)\Microsoft VS Code\bin;C:\Python27;C:\Python27\Scripts
USERNAME=MSH
OS=Windows_NT
PROCESSOR_IDENTIFIER=Intel64 Family 6 Model 58 Stepping 9, GenuineIntel



---------------  S Y S T E M  ---------------

OS: Windows 8.1 , 64 bit Build 9600 

CPU:total 8 (4 cores per cpu, 2 threads per core) family 6 model 58 stepping 9, cmov, cx8, fxsr, mmx, sse, sse2, sse3, ssse3, sse4.1, sse4.2, popcnt, avx, aes, clmul, erms, ht, tsc, tscinvbit, tscinv

Memory: 4k page, physical 8272500k(772164k free), swap 25049716k(6468k free)

vm_info: Java HotSpot(TM) 64-Bit Server VM (25.25-b02) for windows-amd64 JRE (1.8.0_25-b18), built on Oct  7 2014 14:25:37 by "java_re" with MS VC++ 10.0 (VS2010)

time: Thu Jul 07 21:27:43 2016
elapsed time: 0 seconds (0d 0h 0m 0s)

