#
# There is insufficient memory for the Java Runtime Environment to continue.
# Native memory allocation (malloc) failed to allocate 486736 bytes for Chunk::new
# Possible reasons:
#   The system is out of physical RAM or swap space
#   In 32 bit mode, the process size limit was hit
# Possible solutions:
#   Reduce memory load on the system
#   Increase physical memory or swap space
#   Check if swap backing store is full
#   Use 64 bit Java on a 64 bit OS
#   Decrease Java heap size (-Xmx/-Xms)
#   Decrease number of Java threads
#   Decrease Java thread stack sizes (-Xss)
#   Set larger code cache with -XX:ReservedCodeCacheSize=
# This output file may be truncated or incomplete.
#
#  Out of Memory Error (allocation.cpp:390), pid=12680, tid=12324
#
# JRE version: Java(TM) SE Runtime Environment (8.0_25-b18) (build 1.8.0_25-b18)
# Java VM: Java HotSpot(TM) 64-Bit Server VM (25.25-b02 mixed mode windows-amd64 compressed oops)
# Failed to write core dump. Minidumps are not enabled by default on client versions of Windows
#

---------------  T H R E A D  ---------------

Current thread (0x000000001731e000):  JavaThread "C2 CompilerThread2" daemon [_thread_in_native, id=12324, stack(0x0000000017aa0000,0x0000000017ba0000)]

Stack: [0x0000000017aa0000,0x0000000017ba0000]
Native frames: (J=compiled Java code, j=interpreted, Vv=VM code, C=native code)
V  [jvm.dll+0x31667a]
V  [jvm.dll+0x267073]
V  [jvm.dll+0x267cb3]
V  [jvm.dll+0x25f5b5]
V  [jvm.dll+0xbf165]
V  [jvm.dll+0xbf60c]
V  [jvm.dll+0x45d672]
V  [jvm.dll+0x49e8ef]
V  [jvm.dll+0x452b41]
V  [jvm.dll+0x453864]
V  [jvm.dll+0x437372]
V  [jvm.dll+0x98a02]
V  [jvm.dll+0x991f3]
V  [jvm.dll+0x22bde4]
V  [jvm.dll+0x2852fa]
C  [msvcr100.dll+0x21d9f]
C  [msvcr100.dll+0x21e3b]
C  [KERNEL32.DLL+0x18102]
C  [ntdll.dll+0x5c5b4]


Current CompileTask:
C2:   3834 1469       4       com.android.dx.ssa.back.LivenessAnalyzer::run (231 bytes)


---------------  P R O C E S S  ---------------

Java Threads: ( => current thread )
  0x0000000017f74800 JavaThread "pool-2-thread-4" [_thread_blocked, id=5392, stack(0x0000000018aa0000,0x0000000018ba0000)]
  0x000000001769a000 JavaThread "pool-2-thread-3" [_thread_blocked, id=10484, stack(0x00000000189a0000,0x0000000018aa0000)]
  0x00000000175b9800 JavaThread "pool-2-thread-2" [_thread_blocked, id=6280, stack(0x00000000188a0000,0x00000000189a0000)]
  0x000000001819e000 JavaThread "pool-3-thread-1" [_thread_blocked, id=10956, stack(0x00000000187a0000,0x00000000188a0000)]
  0x000000001819d800 JavaThread "pool-2-thread-1" [_thread_blocked, id=8532, stack(0x00000000186a0000,0x00000000187a0000)]
  0x00000000173a6800 JavaThread "Service Thread" daemon [_thread_blocked, id=4740, stack(0x0000000017ca0000,0x0000000017da0000)]
  0x0000000017321800 JavaThread "C1 CompilerThread3" daemon [_thread_blocked, id=9844, stack(0x0000000017ba0000,0x0000000017ca0000)]
=>0x000000001731e000 JavaThread "C2 CompilerThread2" daemon [_thread_in_native, id=12324, stack(0x0000000017aa0000,0x0000000017ba0000)]
  0x000000001731d000 JavaThread "C2 CompilerThread1" daemon [_thread_in_vm, id=1184, stack(0x00000000179a0000,0x0000000017aa0000)]
  0x00000000172d0800 JavaThread "C2 CompilerThread0" daemon [_thread_in_native, id=11580, stack(0x00000000178a0000,0x00000000179a0000)]
  0x00000000172ce800 JavaThread "Attach Listener" daemon [_thread_blocked, id=8252, stack(0x00000000177a0000,0x00000000178a0000)]
  0x000000001731c800 JavaThread "Signal Dispatcher" daemon [_thread_blocked, id=13040, stack(0x00000000176a0000,0x00000000177a0000)]
  0x00000000152ac000 JavaThread "Finalizer" daemon [_thread_blocked, id=12608, stack(0x0000000017170000,0x0000000017270000)]
  0x0000000002783800 JavaThread "Reference Handler" daemon [_thread_blocked, id=9236, stack(0x0000000017070000,0x0000000017170000)]
  0x000000000257d800 JavaThread "main" [_thread_blocked, id=8424, stack(0x0000000002590000,0x0000000002690000)]

Other Threads:
  0x00000000152a8000 VMThread [stack: 0x0000000016f70000,0x0000000017070000] [id=8024]
  0x00000000173c7800 WatcherThread [stack: 0x0000000017da0000,0x0000000017ea0000] [id=1168]

VM state:not at safepoint (normal execution)

VM Mutex/Monitor currently owned by a thread:  ([mutex/lock_event])
[0x0000000002578d80] CodeCache_lock - owner thread: 0x000000001731d000
[0x00000000026900d0] Compile_lock - owner thread: 0x000000001731d000
[0x0000000002690950] MethodCompileQueue_lock - owner thread: 0x000000001731d000

Heap:
 PSYoungGen      total 38400K, used 19460K [0x00000000eab00000, 0x00000000ef600000, 0x0000000100000000)
  eden space 33280K, 43% used [0x00000000eab00000,0x00000000eb908c40,0x00000000ecb80000)
  from space 5120K, 99% used [0x00000000ecb80000,0x00000000ed078700,0x00000000ed080000)
  to   space 5120K, 0% used [0x00000000ef100000,0x00000000ef100000,0x00000000ef600000)
 ParOldGen       total 87552K, used 8960K [0x00000000c0000000, 0x00000000c5580000, 0x00000000eab00000)
  object space 87552K, 10% used [0x00000000c0000000,0x00000000c08c0240,0x00000000c5580000)
 Metaspace       used 6215K, capacity 7088K, committed 7296K, reserved 1056768K
  class space    used 595K, capacity 616K, committed 640K, reserved 1048576K

Card table byte_map: [0x0000000011b50000,0x0000000011d60000] byte_map_base: 0x0000000011550000

Marking Bits: (ParMarkBitMap*) 0x0000000057c0d490
 Begin Bits: [0x00000000126c0000, 0x00000000136c0000)
 End Bits:   [0x00000000136c0000, 0x00000000146c0000)

Polling page: 0x0000000000940000

CodeCache: size=245760Kb used=6451Kb max_used=6451Kb free=239308Kb
 bounds [0x0000000002790000, 0x0000000002df0000, 0x0000000011790000]
 total_blobs=1892 nmethods=1625 adapters=178
 compilation: enabled

Compilation events (10 events):
Event: 3.643 Thread 0x0000000017321800 1547       3       com.android.dx.rop.cst.CstArray$List::set (7 bytes)
Event: 3.643 Thread 0x0000000017321800 nmethod 1547 0x0000000002d88510 code [0x0000000002d886e0, 0x0000000002d88e88]
Event: 3.644 Thread 0x0000000017321800 1548       3       com.android.dx.cf.code.OneLocalsArray::makeInitialized (55 bytes)
Event: 3.645 Thread 0x0000000017321800 nmethod 1548 0x0000000002d89390 code [0x0000000002d89540, 0x0000000002d89bd8]
Event: 3.645 Thread 0x0000000017321800 1549       3       com.android.dx.rop.cst.CstFieldRef::<init> (7 bytes)
Event: 3.645 Thread 0x0000000017321800 nmethod 1549 0x0000000002d80590 code [0x0000000002d80700, 0x0000000002d80888]
Event: 3.646 Thread 0x0000000017321800 1550       1       com.android.dx.ssa.SsaInsn::isNormalMoveInsn (2 bytes)
Event: 3.646 Thread 0x0000000017321800 nmethod 1550 0x0000000002d89ed0 code [0x0000000002d8a020, 0x0000000002d8a130]
Event: 3.646 Thread 0x0000000017321800 1551       1       com.android.dx.ssa.MoveParamCombiner$1::visitPhiInsn (1 bytes)
Event: 3.646 Thread 0x0000000017321800 nmethod 1551 0x0000000002d8a190 code [0x0000000002d8a2e0, 0x0000000002d8a3f0]

GC Heap History (4 events):
Event: 3.111 GC heap before
{Heap before GC invocations=1 (full 0):
 PSYoungGen      total 38400K, used 33280K [0x00000000eab00000, 0x00000000ed580000, 0x0000000100000000)
  eden space 33280K, 100% used [0x00000000eab00000,0x00000000ecb80000,0x00000000ecb80000)
  from space 5120K, 0% used [0x00000000ed080000,0x00000000ed080000,0x00000000ed580000)
  to   space 5120K, 0% used [0x00000000ecb80000,0x00000000ecb80000,0x00000000ed080000)
 ParOldGen       total 87552K, used 0K [0x00000000c0000000, 0x00000000c5580000, 0x00000000eab00000)
  object space 87552K, 0% used [0x00000000c0000000,0x00000000c0000000,0x00000000c5580000)
 Metaspace       used 5819K, capacity 6768K, committed 7040K, reserved 1056768K
  class space    used 592K, capacity 616K, committed 640K, reserved 1048576K
Event: 3.120 GC heap after
Heap after GC invocations=1 (full 0):
 PSYoungGen      total 38400K, used 5047K [0x00000000eab00000, 0x00000000ed580000, 0x0000000100000000)
  eden space 33280K, 0% used [0x00000000eab00000,0x00000000eab00000,0x00000000ecb80000)
  from space 5120K, 98% used [0x00000000ecb80000,0x00000000ed06df58,0x00000000ed080000)
  to   space 5120K, 0% used [0x00000000ed080000,0x00000000ed080000,0x00000000ed580000)
 ParOldGen       total 87552K, used 8K [0x00000000c0000000, 0x00000000c5580000, 0x00000000eab00000)
  object space 87552K, 0% used [0x00000000c0000000,0x00000000c0002000,0x00000000c5580000)
 Metaspace       used 5819K, capacity 6768K, committed 7040K, reserved 1056768K
  class space    used 592K, capacity 616K, committed 640K, reserved 1048576K
}
Event: 3.556 GC heap before
{Heap before GC invocations=2 (full 0):
 PSYoungGen      total 38400K, used 38327K [0x00000000eab00000, 0x00000000ed580000, 0x0000000100000000)
  eden space 33280K, 100% used [0x00000000eab00000,0x00000000ecb80000,0x00000000ecb80000)
  from space 5120K, 98% used [0x00000000ecb80000,0x00000000ed06df58,0x00000000ed080000)
  to   space 5120K, 0% used [0x00000000ed080000,0x00000000ed080000,0x00000000ed580000)
 ParOldGen       total 87552K, used 8K [0x00000000c0000000, 0x00000000c5580000, 0x00000000eab00000)
  object space 87552K, 0% used [0x00000000c0000000,0x00000000c0002000,0x00000000c5580000)
 Metaspace       used 6119K, capacity 7024K, committed 7296K, reserved 1056768K
  class space    used 594K, capacity 616K, committed 640K, reserved 1048576K
Event: 3.578 GC heap after
Heap after GC invocations=2 (full 0):
 PSYoungGen      total 38400K, used 5101K [0x00000000eab00000, 0x00000000ef600000, 0x0000000100000000)
  eden space 33280K, 0% used [0x00000000eab00000,0x00000000eab00000,0x00000000ecb80000)
  from space 5120K, 99% used [0x00000000ed080000,0x00000000ed57b7d0,0x00000000ed580000)
  to   space 5120K, 0% used [0x00000000ecb80000,0x00000000ecb80000,0x00000000ed080000)
 ParOldGen       total 87552K, used 3540K [0x00000000c0000000, 0x00000000c5580000, 0x00000000eab00000)
  object space 87552K, 4% used [0x00000000c0000000,0x00000000c0375018,0x00000000c5580000)
 Metaspace       used 6119K, capacity 7024K, committed 7296K, reserved 1056768K
  class space    used 594K, capacity 616K, committed 640K, reserved 1048576K
}

Deoptimization events (10 events):
Event: 3.541 Thread 0x000000000257d800 Uncommon trap: reason=bimorphic action=maybe_recompile pc=0x0000000002d0b1b0 method=com.android.dx.cf.code.BytecodeArray.parseInstruction(ILcom/android/dx/cf/code/BytecodeArray$Visitor;)I @ 923
Event: 3.543 Thread 0x000000000257d800 Uncommon trap: reason=bimorphic action=maybe_recompile pc=0x00000000029d08d0 method=java.util.HashMap.getNode(ILjava/lang/Object;)Ljava/util/HashMap$Node; @ 126
Event: 3.543 Thread 0x000000000257d800 Uncommon trap: reason=class_check action=maybe_recompile pc=0x0000000002c126fc method=java.util.HashMap.putVal(ILjava/lang/Object;Ljava/lang/Object;ZZ)Ljava/lang/Object; @ 203
Event: 3.543 Thread 0x000000000257d800 Uncommon trap: reason=bimorphic action=maybe_recompile pc=0x00000000029d08d0 method=java.util.HashMap.getNode(ILjava/lang/Object;)Ljava/util/HashMap$Node; @ 126
Event: 3.543 Thread 0x000000000257d800 Uncommon trap: reason=class_check action=maybe_recompile pc=0x0000000002c126fc method=java.util.HashMap.putVal(ILjava/lang/Object;Ljava/lang/Object;ZZ)Ljava/lang/Object; @ 203
Event: 3.543 Thread 0x000000000257d800 Uncommon trap: reason=bimorphic action=maybe_recompile pc=0x00000000029e5364 method=java.util.HashMap.getNode(ILjava/lang/Object;)Ljava/util/HashMap$Node; @ 126
Event: 3.543 Thread 0x000000000257d800 Uncommon trap: reason=bimorphic action=maybe_recompile pc=0x00000000029e5364 method=java.util.HashMap.getNode(ILjava/lang/Object;)Ljava/util/HashMap$Node; @ 126
Event: 3.543 Thread 0x000000000257d800 Uncommon trap: reason=unreached action=reinterpret pc=0x0000000002a1c39c method=com.android.dx.rop.cst.Constant.compareTo(Lcom/android/dx/rop/cst/Constant;)I @ 12
Event: 3.543 Thread 0x000000000257d800 Uncommon trap: reason=class_check action=maybe_recompile pc=0x0000000002b5353c method=java.util.HashMap.putVal(ILjava/lang/Object;Ljava/lang/Object;ZZ)Ljava/lang/Object; @ 203
Event: 3.544 Thread 0x000000000257d800 Uncommon trap: reason=bimorphic action=maybe_recompile pc=0x00000000029d08d0 method=java.util.HashMap.getNode(ILjava/lang/Object;)Ljava/util/HashMap$Node; @ 126

Internal exceptions (10 events):
Event: 2.937 Thread 0x000000000257d800 Exception <a 'java/security/PrivilegedActionException'> (0x00000000ec1ac7c8) thrown at [D:\re\workspace\8-2-build-windows-amd64-cygwin\jdk8u25\1677\hotspot\src\share\vm\prims\jvm.cpp, line 1312]
Event: 2.938 Thread 0x000000000257d800 Exception <a 'java/security/PrivilegedActionException'> (0x00000000ec1aee78) thrown at [D:\re\workspace\8-2-build-windows-amd64-cygwin\jdk8u25\1677\hotspot\src\share\vm\prims\jvm.cpp, line 1312]
Event: 2.946 Thread 0x000000001819d800 Exception <a 'java/security/PrivilegedActionException'> (0x00000000ec463320) thrown at [D:\re\workspace\8-2-build-windows-amd64-cygwin\jdk8u25\1677\hotspot\src\share\vm\prims\jvm.cpp, line 1312]
Event: 2.947 Thread 0x000000001819d800 Exception <a 'java/security/PrivilegedActionException'> (0x00000000ec468d18) thrown at [D:\re\workspace\8-2-build-windows-amd64-cygwin\jdk8u25\1677\hotspot\src\share\vm\prims\jvm.cpp, line 1312]
Event: 2.947 Thread 0x000000001819d800 Exception <a 'java/security/PrivilegedActionException'> (0x00000000ec46e430) thrown at [D:\re\workspace\8-2-build-windows-amd64-cygwin\jdk8u25\1677\hotspot\src\share\vm\prims\jvm.cpp, line 1312]
Event: 2.949 Thread 0x000000001769a000 Exception <a 'java/security/PrivilegedActionException'> (0x00000000ec3d0fa8) thrown at [D:\re\workspace\8-2-build-windows-amd64-cygwin\jdk8u25\1677\hotspot\src\share\vm\prims\jvm.cpp, line 1312]
Event: 2.991 Thread 0x00000000175b9800 Exception <a 'java/security/PrivilegedActionException'> (0x00000000ec66d0f8) thrown at [D:\re\workspace\8-2-build-windows-amd64-cygwin\jdk8u25\1677\hotspot\src\share\vm\prims\jvm.cpp, line 1312]
Event: 3.106 Thread 0x00000000175b9800 Exception <a 'java/security/PrivilegedActionException'> (0x00000000ec782498) thrown at [D:\re\workspace\8-2-build-windows-amd64-cygwin\jdk8u25\1677\hotspot\src\share\vm\prims\jvm.cpp, line 1312]
Event: 3.151 Thread 0x000000001769a000 Implicit null exception at 0x0000000002ae88a2 to 0x0000000002ae89a1
Event: 3.222 Thread 0x0000000017f74800 Exception <a 'java/security/PrivilegedActionException'> (0x00000000eb1690a0) thrown at [D:\re\workspace\8-2-build-windows-amd64-cygwin\jdk8u25\1677\hotspot\src\share\vm\prims\jvm.cpp, line 1312]

Events (10 events):
Event: 3.543 Thread 0x000000000257d800 DEOPT PACKING pc=0x0000000002a1c39c sp=0x000000000268e300
Event: 3.543 Thread 0x000000000257d800 DEOPT UNPACKING pc=0x00000000027d556a sp=0x000000000268e2a0 mode 2
Event: 3.543 Thread 0x000000000257d800 Uncommon trap: trap_request=0xffffffde fr.pc=0x0000000002b5353c
Event: 3.543 Thread 0x000000000257d800 DEOPT PACKING pc=0x0000000002b5353c sp=0x000000000268e730
Event: 3.543 Thread 0x000000000257d800 DEOPT UNPACKING pc=0x00000000027d556a sp=0x000000000268e668 mode 2
Event: 3.543 Thread 0x000000000257d800 Uncommon trap: trap_request=0xffffffc6 fr.pc=0x00000000029d08d0
Event: 3.544 Thread 0x000000000257d800 DEOPT PACKING pc=0x00000000029d08d0 sp=0x000000000268e5a0
Event: 3.544 Thread 0x000000000257d800 DEOPT UNPACKING pc=0x00000000027d556a sp=0x000000000268e528 mode 2
Event: 3.556 Executing VM operation: ParallelGCFailedAllocation
Event: 3.578 Executing VM operation: ParallelGCFailedAllocation done


Dynamic libraries:
0x00007ff60ff30000 - 0x00007ff60ff64000 	C:\Program Files\Java\jdk1.8.0_25\bin\java.exe
0x00007fffd4ed0000 - 0x00007fffd5091000 	C:\WINDOWS\SYSTEM32\ntdll.dll
0x00007fffd4b20000 - 0x00007fffd4bcd000 	C:\WINDOWS\system32\KERNEL32.DLL
0x00007fffd2080000 - 0x00007fffd2268000 	C:\WINDOWS\system32\KERNELBASE.dll
0x00007fffd4bd0000 - 0x00007fffd4c77000 	C:\WINDOWS\system32\ADVAPI32.dll
0x00007fffd2a70000 - 0x00007fffd2b0d000 	C:\WINDOWS\system32\msvcrt.dll
0x00007fffd3470000 - 0x00007fffd34cb000 	C:\WINDOWS\system32\sechost.dll
0x00007fffd4db0000 - 0x00007fffd4ecc000 	C:\WINDOWS\system32\RPCRT4.dll
0x00007fffd2b10000 - 0x00007fffd2c66000 	C:\WINDOWS\system32\USER32.dll
0x00007fffd2830000 - 0x00007fffd29b6000 	C:\WINDOWS\system32\GDI32.dll
0x00007fffc7290000 - 0x00007fffc7504000 	C:\WINDOWS\WinSxS\amd64_microsoft.windows.common-controls_6595b64144ccf1df_6.0.10586.0_none_8c15ae12515e1c22\COMCTL32.dll
0x00007fffd25b0000 - 0x00007fffd282d000 	C:\WINDOWS\system32\combase.dll
0x00007fffd1cd0000 - 0x00007fffd1d3a000 	C:\WINDOWS\system32\bcryptPrimitives.dll
0x00007fffd22d0000 - 0x00007fffd230b000 	C:\WINDOWS\system32\IMM32.DLL
0x0000000056c80000 - 0x0000000056d52000 	C:\Program Files\Java\jdk1.8.0_25\jre\bin\msvcr100.dll
0x0000000057430000 - 0x0000000057c8a000 	C:\Program Files\Java\jdk1.8.0_25\jre\bin\server\jvm.dll
0x00007fffd23f0000 - 0x00007fffd23f8000 	C:\WINDOWS\system32\PSAPI.DLL
0x00007fffc0c80000 - 0x00007fffc0c89000 	C:\WINDOWS\SYSTEM32\WSOCK32.dll
0x00007fffd4a30000 - 0x00007fffd4a9b000 	C:\WINDOWS\system32\WS2_32.dll
0x00007fffcfc30000 - 0x00007fffcfc53000 	C:\WINDOWS\SYSTEM32\WINMM.dll
0x00007fffcfbd0000 - 0x00007fffcfbfc000 	C:\WINDOWS\SYSTEM32\WINMMBASE.dll
0x00007fffd1630000 - 0x00007fffd1673000 	C:\WINDOWS\system32\cfgmgr32.dll
0x0000000057fd0000 - 0x0000000057fdf000 	C:\Program Files\Java\jdk1.8.0_25\jre\bin\verify.dll
0x0000000057fa0000 - 0x0000000057fc8000 	C:\Program Files\Java\jdk1.8.0_25\jre\bin\java.dll
0x0000000057f80000 - 0x0000000057f96000 	C:\Program Files\Java\jdk1.8.0_25\jre\bin\zip.dll
0x00007fffd34d0000 - 0x00007fffd4a2c000 	C:\WINDOWS\system32\SHELL32.dll
0x00007fffd1680000 - 0x00007fffd1cc4000 	C:\WINDOWS\system32\windows.storage.dll
0x00007fffd3410000 - 0x00007fffd3462000 	C:\WINDOWS\system32\shlwapi.dll
0x00007fffd1520000 - 0x00007fffd152f000 	C:\WINDOWS\system32\kernel.appcore.dll
0x00007fffd1fa0000 - 0x00007fffd2055000 	C:\WINDOWS\system32\shcore.dll
0x00007fffd1530000 - 0x00007fffd157b000 	C:\WINDOWS\system32\powrprof.dll
0x00007fffd1500000 - 0x00007fffd1514000 	C:\WINDOWS\system32\profapi.dll
0x00007fffb8650000 - 0x00007fffb87dc000 	C:\WINDOWS\SYSTEM32\dbghelp.dll

VM Arguments:
jvm_args: -Djava.awt.headless=true -Xmx1024M -Dfile.encoding=windows-1256 -Duser.country=US -Duser.language=en -Duser.variant 
java_command: com.android.dx.command.Main --dex --force-jumbo --num-threads=4 --multi-dex --output D:\Development\Android\PointsDiet\dev\PD6\app\build\intermediates\transforms\dex\debug\folders\1000\10\com.android.support-support-v4-23.3.0_ef96f01b8758efcc15bf63f5e94c3ae4e1af251b D:\Development\Android\PointsDiet\dev\PD6\app\build\intermediates\exploded-aar\com.android.support\support-v4\23.3.0\jars\classes.jar
java_class_path (initial): C:\Users\MSH\AppData\Local\Android\sdk\build-tools\23.0.3\lib\dx.jar
Launcher Type: SUN_STANDARD

Environment Variables:
JAVA_HOME=C:\Program Files\Java\jdk1.8.0_25
PATH=C:\ProgramData\Oracle\Java\javapath;C:\Program Files (x86)\Intel\iCLS Client\;C:\Program Files\Intel\iCLS Client\;C:\WINDOWS\system32;C:\WINDOWS;C:\WINDOWS\System32\Wbem;C:\WINDOWS\System32\WindowsPowerShell\v1.0\;C:\Program Files (x86)\Windows Live\Shared;c:\Program Files (x86)\Microsoft SQL Server\110\Tools\Binn\;c:\Program Files\Microsoft SQL Server\110\Tools\Binn\;c:\Program Files\Microsoft SQL Server\110\DTS\Binn\;c:\Program Files (x86)\Microsoft SQL Server\110\Tools\Binn\ManagementStudio\;c:\Program Files (x86)\Microsoft SQL Server\110\DTS\Binn\;C:\Program Files\MySQL\MySQL Server 5.6\bin;C:\Program Files (x86)\Intel\OpenCL SDK\2.0\bin\x86;C:\Program Files (x86)\Intel\OpenCL SDK\2.0\bin\x64;C:\Program Files\Intel\Intel(R) Management Engine Components\DAL;C:\Program Files\Intel\Intel(R) Management Engine Components\IPT;C:\Program Files (x86)\Intel\Intel(R) Management Engine Components\DAL;C:\Program Files (x86)\Intel\Intel(R) Management Engine Components\IPT;C:\Program Files (x86)\Microsoft ASP.NET\ASP.NET Web Pages\v1.0\;C:\Program Files\Microsoft\Web Platform Installer\;C:\Program Files (x86)\GtkSharp\2.12\bin;C:\Program Files (x86)\Microsoft SDKs\TypeScript\1.0\;;C:\Program Files (x86)\Microsoft VS Code\bin;C:\Python27;C:\Python27\Scripts
USERNAME=MSH
OS=Windows_NT
PROCESSOR_IDENTIFIER=Intel64 Family 6 Model 58 Stepping 9, GenuineIntel



---------------  S Y S T E M  ---------------

OS: Windows 8.1 , 64 bit Build 9600 

CPU:total 8 (4 cores per cpu, 2 threads per core) family 6 model 58 stepping 9, cmov, cx8, fxsr, mmx, sse, sse2, sse3, ssse3, sse4.1, sse4.2, popcnt, avx, aes, clmul, erms, ht, tsc, tscinvbit, tscinv

Memory: 4k page, physical 8272500k(756752k free), swap 25049716k(5740k free)

vm_info: Java HotSpot(TM) 64-Bit Server VM (25.25-b02) for windows-amd64 JRE (1.8.0_25-b18), built on Oct  7 2014 14:25:37 by "java_re" with MS VC++ 10.0 (VS2010)

time: Thu Jul 07 21:30:46 2016
elapsed time: 3 seconds (0d 0h 0m 3s)

