#
# There is insufficient memory for the Java Runtime Environment to continue.
# Native memory allocation (malloc) failed to allocate 297296 bytes for Chunk::new
# Possible reasons:
#   The system is out of physical RAM or swap space
#   In 32 bit mode, the process size limit was hit
# Possible solutions:
#   Reduce memory load on the system
#   Increase physical memory or swap space
#   Check if swap backing store is full
#   Use 64 bit Java on a 64 bit OS
#   Decrease Java heap size (-Xmx/-Xms)
#   Decrease number of Java threads
#   Decrease Java thread stack sizes (-Xss)
#   Set larger code cache with -XX:ReservedCodeCacheSize=
# This output file may be truncated or incomplete.
#
#  Out of Memory Error (allocation.cpp:390), pid=13140, tid=6988
#
# JRE version: Java(TM) SE Runtime Environment (8.0_25-b18) (build 1.8.0_25-b18)
# Java VM: Java HotSpot(TM) 64-Bit Server VM (25.25-b02 mixed mode windows-amd64 compressed oops)
# Failed to write core dump. Minidumps are not enabled by default on client versions of Windows
#

---------------  T H R E A D  ---------------

Current thread (0x0000000017804800):  JavaThread "C2 CompilerThread2" daemon [_thread_in_native, id=6988, stack(0x0000000017fd0000,0x00000000180d0000)]

Stack: [0x0000000017fd0000,0x00000000180d0000]
Native frames: (J=compiled Java code, j=interpreted, Vv=VM code, C=native code)
V  [jvm.dll+0x31667a]
V  [jvm.dll+0x267073]
V  [jvm.dll+0x267cb3]
V  [jvm.dll+0x25f5b5]
V  [jvm.dll+0xbf165]
V  [jvm.dll+0xbf60c]
V  [jvm.dll+0x45d672]
V  [jvm.dll+0x49e8ef]
V  [jvm.dll+0x452b41]
V  [jvm.dll+0x453864]
V  [jvm.dll+0x437372]
V  [jvm.dll+0x98a02]
V  [jvm.dll+0x991f3]
V  [jvm.dll+0x22bde4]
V  [jvm.dll+0x2852fa]
C  [msvcr100.dll+0x21d9f]
C  [msvcr100.dll+0x21e3b]
C  [KERNEL32.DLL+0x18102]
C  [ntdll.dll+0x5c5b4]


Current CompileTask:
C2:   1137  718   !   4       com.android.dx.rop.code.RegisterSpec::intern (70 bytes)


---------------  P R O C E S S  ---------------

Java Threads: ( => current thread )
  0x0000000017ade800 JavaThread "pool-2-thread-4" [_thread_in_Java, id=7280, stack(0x00000000187d0000,0x00000000188d0000)]
  0x0000000017ac2800 JavaThread "pool-2-thread-3" [_thread_in_vm, id=5300, stack(0x00000000186d0000,0x00000000187d0000)]
  0x0000000017a57800 JavaThread "pool-2-thread-2" [_thread_in_Java, id=12872, stack(0x00000000185d0000,0x00000000186d0000)]
  0x00000000179ef800 JavaThread "pool-3-thread-1" [_thread_blocked, id=12936, stack(0x00000000184d0000,0x00000000185d0000)]
  0x00000000178e3800 JavaThread "Service Thread" daemon [_thread_blocked, id=12400, stack(0x00000000181d0000,0x00000000182d0000)]
  0x0000000017850800 JavaThread "C1 CompilerThread3" daemon [_thread_in_native, id=10968, stack(0x00000000180d0000,0x00000000181d0000)]
=>0x0000000017804800 JavaThread "C2 CompilerThread2" daemon [_thread_in_native, id=6988, stack(0x0000000017fd0000,0x00000000180d0000)]
  0x0000000017804000 JavaThread "C2 CompilerThread1" daemon [_thread_in_native, id=7480, stack(0x0000000017ed0000,0x0000000017fd0000)]
  0x0000000017800800 JavaThread "C2 CompilerThread0" daemon [_thread_in_native, id=8392, stack(0x0000000017dd0000,0x0000000017ed0000)]
  0x000000001784d800 JavaThread "Attach Listener" daemon [_thread_blocked, id=11900, stack(0x0000000017cd0000,0x0000000017dd0000)]
  0x000000001784c800 JavaThread "Signal Dispatcher" daemon [_thread_blocked, id=8352, stack(0x0000000017bd0000,0x0000000017cd0000)]
  0x00000000157fc800 JavaThread "Finalizer" daemon [_thread_blocked, id=10552, stack(0x00000000176d0000,0x00000000177d0000)]
  0x0000000002cd3800 JavaThread "Reference Handler" daemon [_thread_blocked, id=10576, stack(0x00000000175d0000,0x00000000176d0000)]
  0x000000000123d800 JavaThread "main" [_thread_blocked, id=8176, stack(0x0000000002ae0000,0x0000000002be0000)]

Other Threads:
  0x00000000157f8000 VMThread [stack: 0x00000000174d0000,0x00000000175d0000] [id=4944]
  0x00000000178e4800 WatcherThread [stack: 0x00000000182d0000,0x00000000183d0000] [id=9304]

VM state:not at safepoint (normal execution)

VM Mutex/Monitor currently owned by a thread: None

Heap:
 PSYoungGen      total 38400K, used 15983K [0x00000000eab00000, 0x00000000ed580000, 0x0000000100000000)
  eden space 33280K, 48% used [0x00000000eab00000,0x00000000eba9bce8,0x00000000ecb80000)
  from space 5120K, 0% used [0x00000000ed080000,0x00000000ed080000,0x00000000ed580000)
  to   space 5120K, 0% used [0x00000000ecb80000,0x00000000ecb80000,0x00000000ed080000)
 ParOldGen       total 87552K, used 0K [0x00000000c0000000, 0x00000000c5580000, 0x00000000eab00000)
  object space 87552K, 0% used [0x00000000c0000000,0x00000000c0000000,0x00000000c5580000)
 Metaspace       used 5653K, capacity 6704K, committed 6784K, reserved 1056768K
  class space    used 586K, capacity 616K, committed 640K, reserved 1048576K

Card table byte_map: [0x00000000120a0000,0x00000000122b0000] byte_map_base: 0x0000000011aa0000

Marking Bits: (ParMarkBitMap*) 0x0000000057c0d490
 Begin Bits: [0x0000000012c10000, 0x0000000013c10000)
 End Bits:   [0x0000000013c10000, 0x0000000014c10000)

Polling page: 0x0000000000e10000

CodeCache: size=245760Kb used=2847Kb max_used=2858Kb free=242912Kb
 bounds [0x0000000002ce0000, 0x0000000002fb0000, 0x0000000011ce0000]
 total_blobs=990 nmethods=726 adapters=178
 compilation: enabled

Compilation events (10 events):
Event: 1.116 Thread 0x0000000017800800 nmethod 740 0x0000000002f9fb50 code [0x0000000002f9fca0, 0x0000000002f9fe38]
Event: 1.116 Thread 0x0000000017800800  743       4       com.android.dx.ssa.SsaMethod::getDefinitionForRegister (61 bytes)
Event: 1.116 Thread 0x0000000017850800 nmethod 728 0x0000000002fa3a50 code [0x0000000002fa3be0, 0x0000000002fa42a8]
Event: 1.116 Thread 0x0000000017850800  742       3       com.android.dx.cf.code.BaseMachine::storeResults (90 bytes)
Event: 1.117 Thread 0x0000000017850800 nmethod 742 0x0000000002fa5f90 code [0x0000000002fa6180, 0x0000000002fa6be8]
Event: 1.117 Thread 0x0000000017850800  731       3       java.util.TreeMap::fixAfterInsertion (267 bytes)
Event: 1.119 Thread 0x0000000017800800 nmethod 743 0x0000000002fa5a10 code [0x0000000002fa5b80, 0x0000000002fa5dc8]
Event: 1.120 Thread 0x0000000017850800 nmethod 731 0x0000000002fa9ed0 code [0x0000000002faa340, 0x0000000002faca58]
Event: 1.120 Thread 0x0000000017850800  732   !   3       com.android.dx.cf.code.RopperMachine::run (1550 bytes)
Event: 1.122 Thread 0x0000000017800800  745       4       java.lang.String::compareTo (78 bytes)

GC Heap History (0 events):
No events

Deoptimization events (0 events):
No events

Internal exceptions (10 events):
Event: 0.995 Thread 0x0000000017a57800 Exception <a 'java/security/PrivilegedActionException'> (0x00000000eb3c2ad8) thrown at [D:\re\workspace\8-2-build-windows-amd64-cygwin\jdk8u25\1677\hotspot\src\share\vm\prims\jvm.cpp, line 1312]
Event: 0.999 Thread 0x0000000017ade800 Exception <a 'java/security/PrivilegedActionException'> (0x00000000eb583518) thrown at [D:\re\workspace\8-2-build-windows-amd64-cygwin\jdk8u25\1677\hotspot\src\share\vm\prims\jvm.cpp, line 1312]
Event: 1.000 Thread 0x0000000017ade800 Exception <a 'java/security/PrivilegedActionException'> (0x00000000eb589728) thrown at [D:\re\workspace\8-2-build-windows-amd64-cygwin\jdk8u25\1677\hotspot\src\share\vm\prims\jvm.cpp, line 1312]
Event: 1.001 Thread 0x0000000017ade800 Exception <a 'java/security/PrivilegedActionException'> (0x00000000eb58ddb8) thrown at [D:\re\workspace\8-2-build-windows-amd64-cygwin\jdk8u25\1677\hotspot\src\share\vm\prims\jvm.cpp, line 1312]
Event: 1.001 Thread 0x0000000017ade800 Exception <a 'java/security/PrivilegedActionException'> (0x00000000eb593780) thrown at [D:\re\workspace\8-2-build-windows-amd64-cygwin\jdk8u25\1677\hotspot\src\share\vm\prims\jvm.cpp, line 1312]
Event: 1.002 Thread 0x0000000017ade800 Exception <a 'java/security/PrivilegedActionException'> (0x00000000eb59c418) thrown at [D:\re\workspace\8-2-build-windows-amd64-cygwin\jdk8u25\1677\hotspot\src\share\vm\prims\jvm.cpp, line 1312]
Event: 1.003 Thread 0x0000000017ade800 Exception <a 'java/security/PrivilegedActionException'> (0x00000000eb5a1858) thrown at [D:\re\workspace\8-2-build-windows-amd64-cygwin\jdk8u25\1677\hotspot\src\share\vm\prims\jvm.cpp, line 1312]
Event: 1.004 Thread 0x0000000017ade800 Exception <a 'java/security/PrivilegedActionException'> (0x00000000eb5a4808) thrown at [D:\re\workspace\8-2-build-windows-amd64-cygwin\jdk8u25\1677\hotspot\src\share\vm\prims\jvm.cpp, line 1312]
Event: 1.005 Thread 0x00000000179ee800 Exception <a 'java/security/PrivilegedActionException'> (0x00000000eb67f510) thrown at [D:\re\workspace\8-2-build-windows-amd64-cygwin\jdk8u25\1677\hotspot\src\share\vm\prims\jvm.cpp, line 1312]
Event: 1.015 Thread 0x0000000017ac2800 Exception <a 'java/security/PrivilegedActionException'> (0x00000000eb564c40) thrown at [D:\re\workspace\8-2-build-windows-amd64-cygwin\jdk8u25\1677\hotspot\src\share\vm\prims\jvm.cpp, line 1312]

Events (10 events):
Event: 1.005 loading class com/android/dx/cf/code/SwitchList done
Event: 1.010 loading class java/util/DualPivotQuicksort
Event: 1.010 loading class java/util/DualPivotQuicksort done
Event: 1.014 loading class com/android/dx/dex/file/MethodAnnotationStruct
Event: 1.015 loading class com/android/dx/dex/file/MethodAnnotationStruct done
Event: 1.079 Thread 0x00000000179ee800 Thread exited: 0x00000000179ee800
Event: 1.081 loading class java/util/ArrayList$1
Event: 1.082 loading class java/util/ArrayList$1 done
Event: 1.095 Executing VM operation: ForceSafepoint
Event: 1.100 Executing VM operation: ForceSafepoint done


Dynamic libraries:
0x00007ff60ff30000 - 0x00007ff60ff64000 	C:\Program Files\Java\jdk1.8.0_25\bin\java.exe
0x00007fffd4ed0000 - 0x00007fffd5091000 	C:\WINDOWS\SYSTEM32\ntdll.dll
0x00007fffd4b20000 - 0x00007fffd4bcd000 	C:\WINDOWS\system32\KERNEL32.DLL
0x00007fffd2080000 - 0x00007fffd2268000 	C:\WINDOWS\system32\KERNELBASE.dll
0x00007fffd4bd0000 - 0x00007fffd4c77000 	C:\WINDOWS\system32\ADVAPI32.dll
0x00007fffd2a70000 - 0x00007fffd2b0d000 	C:\WINDOWS\system32\msvcrt.dll
0x00007fffd3470000 - 0x00007fffd34cb000 	C:\WINDOWS\system32\sechost.dll
0x00007fffd4db0000 - 0x00007fffd4ecc000 	C:\WINDOWS\system32\RPCRT4.dll
0x00007fffd2b10000 - 0x00007fffd2c66000 	C:\WINDOWS\system32\USER32.dll
0x00007fffd2830000 - 0x00007fffd29b6000 	C:\WINDOWS\system32\GDI32.dll
0x00007fffc7290000 - 0x00007fffc7504000 	C:\WINDOWS\WinSxS\amd64_microsoft.windows.common-controls_6595b64144ccf1df_6.0.10586.0_none_8c15ae12515e1c22\COMCTL32.dll
0x00007fffd25b0000 - 0x00007fffd282d000 	C:\WINDOWS\system32\combase.dll
0x00007fffd1cd0000 - 0x00007fffd1d3a000 	C:\WINDOWS\system32\bcryptPrimitives.dll
0x00007fffd22d0000 - 0x00007fffd230b000 	C:\WINDOWS\system32\IMM32.DLL
0x0000000056c80000 - 0x0000000056d52000 	C:\Program Files\Java\jdk1.8.0_25\jre\bin\msvcr100.dll
0x0000000057430000 - 0x0000000057c8a000 	C:\Program Files\Java\jdk1.8.0_25\jre\bin\server\jvm.dll
0x00007fffd23f0000 - 0x00007fffd23f8000 	C:\WINDOWS\system32\PSAPI.DLL
0x00007fffc0c80000 - 0x00007fffc0c89000 	C:\WINDOWS\SYSTEM32\WSOCK32.dll
0x00007fffcfc30000 - 0x00007fffcfc53000 	C:\WINDOWS\SYSTEM32\WINMM.dll
0x00007fffd4a30000 - 0x00007fffd4a9b000 	C:\WINDOWS\system32\WS2_32.dll
0x00007fffcfbd0000 - 0x00007fffcfbfc000 	C:\WINDOWS\SYSTEM32\WINMMBASE.dll
0x00007fffd1630000 - 0x00007fffd1673000 	C:\WINDOWS\system32\cfgmgr32.dll
0x0000000057fd0000 - 0x0000000057fdf000 	C:\Program Files\Java\jdk1.8.0_25\jre\bin\verify.dll
0x0000000057fa0000 - 0x0000000057fc8000 	C:\Program Files\Java\jdk1.8.0_25\jre\bin\java.dll
0x0000000057f80000 - 0x0000000057f96000 	C:\Program Files\Java\jdk1.8.0_25\jre\bin\zip.dll
0x00007fffd34d0000 - 0x00007fffd4a2c000 	C:\WINDOWS\system32\SHELL32.dll
0x00007fffd1680000 - 0x00007fffd1cc4000 	C:\WINDOWS\system32\windows.storage.dll
0x00007fffd3410000 - 0x00007fffd3462000 	C:\WINDOWS\system32\shlwapi.dll
0x00007fffd1520000 - 0x00007fffd152f000 	C:\WINDOWS\system32\kernel.appcore.dll
0x00007fffd1fa0000 - 0x00007fffd2055000 	C:\WINDOWS\system32\shcore.dll
0x00007fffd1530000 - 0x00007fffd157b000 	C:\WINDOWS\system32\powrprof.dll
0x00007fffd1500000 - 0x00007fffd1514000 	C:\WINDOWS\system32\profapi.dll
0x00007fffb8650000 - 0x00007fffb87dc000 	C:\WINDOWS\SYSTEM32\dbghelp.dll

VM Arguments:
jvm_args: -Djava.awt.headless=true -Xmx1024M -Dfile.encoding=windows-1256 -Duser.country=US -Duser.language=en -Duser.variant 
java_command: com.android.dx.command.Main --dex --force-jumbo --num-threads=4 --multi-dex --output D:\Development\Android\PointsDiet\dev\PD6\app\build\intermediates\transforms\dex\debug\folders\1000\5\slice_3 D:\Development\Android\PointsDiet\dev\PD6\app\build\intermediates\transforms\instantRunSlicer\debug\folders\1\5\slice_3
java_class_path (initial): C:\Users\MSH\AppData\Local\Android\sdk\build-tools\23.0.3\lib\dx.jar
Launcher Type: SUN_STANDARD

Environment Variables:
JAVA_HOME=C:\Program Files\Java\jdk1.8.0_25
PATH=C:\ProgramData\Oracle\Java\javapath;C:\Program Files (x86)\Intel\iCLS Client\;C:\Program Files\Intel\iCLS Client\;C:\WINDOWS\system32;C:\WINDOWS;C:\WINDOWS\System32\Wbem;C:\WINDOWS\System32\WindowsPowerShell\v1.0\;C:\Program Files (x86)\Windows Live\Shared;c:\Program Files (x86)\Microsoft SQL Server\110\Tools\Binn\;c:\Program Files\Microsoft SQL Server\110\Tools\Binn\;c:\Program Files\Microsoft SQL Server\110\DTS\Binn\;c:\Program Files (x86)\Microsoft SQL Server\110\Tools\Binn\ManagementStudio\;c:\Program Files (x86)\Microsoft SQL Server\110\DTS\Binn\;C:\Program Files\MySQL\MySQL Server 5.6\bin;C:\Program Files (x86)\Intel\OpenCL SDK\2.0\bin\x86;C:\Program Files (x86)\Intel\OpenCL SDK\2.0\bin\x64;C:\Program Files\Intel\Intel(R) Management Engine Components\DAL;C:\Program Files\Intel\Intel(R) Management Engine Components\IPT;C:\Program Files (x86)\Intel\Intel(R) Management Engine Components\DAL;C:\Program Files (x86)\Intel\Intel(R) Management Engine Components\IPT;C:\Program Files (x86)\Microsoft ASP.NET\ASP.NET Web Pages\v1.0\;C:\Program Files\Microsoft\Web Platform Installer\;C:\Program Files (x86)\GtkSharp\2.12\bin;C:\Program Files (x86)\Microsoft SDKs\TypeScript\1.0\;;C:\Program Files (x86)\Microsoft VS Code\bin;C:\Python27;C:\Python27\Scripts
USERNAME=MSH
OS=Windows_NT
PROCESSOR_IDENTIFIER=Intel64 Family 6 Model 58 Stepping 9, GenuineIntel



---------------  S Y S T E M  ---------------

OS: Windows 8.1 , 64 bit Build 9600 

CPU:total 8 (4 cores per cpu, 2 threads per core) family 6 model 58 stepping 9, cmov, cx8, fxsr, mmx, sse, sse2, sse3, ssse3, sse4.1, sse4.2, popcnt, avx, aes, clmul, erms, ht, tsc, tscinvbit, tscinv

Memory: 4k page, physical 8272500k(619292k free), swap 25049716k(5128k free)

vm_info: Java HotSpot(TM) 64-Bit Server VM (25.25-b02) for windows-amd64 JRE (1.8.0_25-b18), built on Oct  7 2014 14:25:37 by "java_re" with MS VC++ 10.0 (VS2010)

time: Thu Jul 07 21:31:56 2016
elapsed time: 1 seconds (0d 0h 0m 1s)

