#
# There is insufficient memory for the Java Runtime Environment to continue.
# Native memory allocation (malloc) failed to allocate 799216 bytes for Chunk::new
# Possible reasons:
#   The system is out of physical RAM or swap space
#   In 32 bit mode, the process size limit was hit
# Possible solutions:
#   Reduce memory load on the system
#   Increase physical memory or swap space
#   Check if swap backing store is full
#   Use 64 bit Java on a 64 bit OS
#   Decrease Java heap size (-Xmx/-Xms)
#   Decrease number of Java threads
#   Decrease Java thread stack sizes (-Xss)
#   Set larger code cache with -XX:ReservedCodeCacheSize=
# This output file may be truncated or incomplete.
#
#  Out of Memory Error (allocation.cpp:390), pid=4276, tid=7560
#
# JRE version: Java(TM) SE Runtime Environment (8.0_25-b18) (build 1.8.0_25-b18)
# Java VM: Java HotSpot(TM) 64-Bit Server VM (25.25-b02 mixed mode windows-amd64 compressed oops)
# Failed to write core dump. Minidumps are not enabled by default on client versions of Windows
#

---------------  T H R E A D  ---------------

Current thread (0x00000000176d4000):  JavaThread "C2 CompilerThread1" daemon [_thread_in_native, id=7560, stack(0x0000000017da0000,0x0000000017ea0000)]

Stack: [0x0000000017da0000,0x0000000017ea0000]
Native frames: (J=compiled Java code, j=interpreted, Vv=VM code, C=native code)
V  [jvm.dll+0x31667a]
V  [jvm.dll+0x267073]
V  [jvm.dll+0x267cb3]
V  [jvm.dll+0x25f5b5]
V  [jvm.dll+0xbf165]
V  [jvm.dll+0xbf60c]
V  [jvm.dll+0x45d672]
V  [jvm.dll+0x49e8ef]
V  [jvm.dll+0x4524ef]
V  [jvm.dll+0x453864]
V  [jvm.dll+0x437372]
V  [jvm.dll+0x98a02]
V  [jvm.dll+0x991f3]
V  [jvm.dll+0x22bde4]
V  [jvm.dll+0x2852fa]
C  [msvcr100.dll+0x21d9f]
C  [msvcr100.dll+0x21e3b]
C  [KERNEL32.DLL+0x18102]
C  [ntdll.dll+0x5c5b4]


Current CompileTask:
C2:   1662 1253       4       com.android.dx.ssa.SCCP::simulateBranch (666 bytes)


---------------  P R O C E S S  ---------------

Java Threads: ( => current thread )
  0x00000000179a6800 JavaThread "pool-2-thread-4" [_thread_blocked, id=10700, stack(0x0000000018ea0000,0x0000000018fa0000)]
  0x0000000017a49800 JavaThread "pool-2-thread-3" [_thread_in_native, id=616, stack(0x0000000018da0000,0x0000000018ea0000)]
  0x0000000017a01000 JavaThread "pool-2-thread-2" [_thread_blocked, id=7432, stack(0x0000000018ca0000,0x0000000018da0000)]
  0x0000000017a42000 JavaThread "pool-3-thread-1" [_thread_blocked, id=10076, stack(0x0000000018ba0000,0x0000000018ca0000)]
  0x00000000178ac800 JavaThread "pool-2-thread-1" [_thread_blocked, id=2072, stack(0x0000000018aa0000,0x0000000018ba0000)]
  0x00000000177ad000 JavaThread "Service Thread" daemon [_thread_blocked, id=8512, stack(0x00000000180a0000,0x00000000181a0000)]
  0x0000000017727800 JavaThread "C1 CompilerThread3" daemon [_thread_blocked, id=8044, stack(0x0000000017fa0000,0x00000000180a0000)]
  0x000000001771f000 JavaThread "C2 CompilerThread2" daemon [_thread_in_native, id=4048, stack(0x0000000017ea0000,0x0000000017fa0000)]
=>0x00000000176d4000 JavaThread "C2 CompilerThread1" daemon [_thread_in_native, id=7560, stack(0x0000000017da0000,0x0000000017ea0000)]
  0x00000000176d2000 JavaThread "C2 CompilerThread0" daemon [_thread_in_vm, id=13016, stack(0x0000000017ca0000,0x0000000017da0000)]
  0x00000000176cf800 JavaThread "Attach Listener" daemon [_thread_blocked, id=6076, stack(0x0000000017ba0000,0x0000000017ca0000)]
  0x000000001771c800 JavaThread "Signal Dispatcher" daemon [_thread_blocked, id=5664, stack(0x0000000017aa0000,0x0000000017ba0000)]
  0x00000000156ac800 JavaThread "Finalizer" daemon [_thread_blocked, id=6480, stack(0x0000000017580000,0x0000000017680000)]
  0x0000000002b82800 JavaThread "Reference Handler" daemon [_thread_blocked, id=12148, stack(0x0000000017480000,0x0000000017580000)]
  0x00000000028dd800 JavaThread "main" [_thread_blocked, id=6540, stack(0x0000000002990000,0x0000000002a90000)]

Other Threads:
  0x00000000156a8000 VMThread [stack: 0x0000000017380000,0x0000000017480000] [id=4136]
  0x00000000177b8000 WatcherThread [stack: 0x00000000181a0000,0x00000000182a0000] [id=5276]

VM state:not at safepoint (normal execution)

VM Mutex/Monitor currently owned by a thread: None

Heap:
 PSYoungGen      total 38400K, used 27834K [0x00000000eab00000, 0x00000000ef600000, 0x0000000100000000)
  eden space 33280K, 68% used [0x00000000eab00000,0x00000000ec12ec50,0x00000000ecb80000)
  from space 5120K, 99% used [0x00000000ed080000,0x00000000ed57ffa8,0x00000000ed580000)
  to   space 5120K, 0% used [0x00000000ecb80000,0x00000000ecb80000,0x00000000ed080000)
 ParOldGen       total 87552K, used 5565K [0x00000000c0000000, 0x00000000c5580000, 0x00000000eab00000)
  object space 87552K, 6% used [0x00000000c0000000,0x00000000c056f688,0x00000000c5580000)
 Metaspace       used 6167K, capacity 7088K, committed 7296K, reserved 1056768K
  class space    used 595K, capacity 616K, committed 640K, reserved 1048576K

Card table byte_map: [0x0000000011f50000,0x0000000012160000] byte_map_base: 0x0000000011950000

Marking Bits: (ParMarkBitMap*) 0x0000000057c0d490
 Begin Bits: [0x0000000012ac0000, 0x0000000013ac0000)
 End Bits:   [0x0000000013ac0000, 0x0000000014ac0000)

Polling page: 0x00000000028c0000

CodeCache: size=245760Kb used=6151Kb max_used=6168Kb free=239608Kb
 bounds [0x0000000002b90000, 0x00000000031a0000, 0x0000000011b90000]
 total_blobs=1798 nmethods=1534 adapters=178
 compilation: enabled

Compilation events (10 events):
Event: 1.632 Thread 0x0000000017727800 nmethod 1536 0x0000000003177910 code [0x0000000003177a60, 0x0000000003177b50]
Event: 1.632 Thread 0x0000000017727800 1537       2       com.android.dx.rop.annotation.Annotation::<init> (54 bytes)
Event: 1.632 Thread 0x0000000017727800 nmethod 1537 0x0000000003177bd0 code [0x0000000003177d40, 0x0000000003178058]
Event: 1.632 Thread 0x0000000017727800 1538       2       com.android.dx.cf.attrib.InnerClassList::get (9 bytes)
Event: 1.632 Thread 0x0000000017727800 nmethod 1538 0x0000000003178190 code [0x0000000003178300, 0x00000000031784a8]
Event: 1.632 Thread 0x0000000017727800 1539       2       com.android.dx.cf.code.LocalVariableList::get (9 bytes)
Event: 1.633 Thread 0x0000000017727800 nmethod 1539 0x0000000003178550 code [0x00000000031786c0, 0x0000000003178868]
Event: 1.633 Thread 0x0000000017727800 1540       2       com.android.dx.cf.code.LocalVariableList::set (21 bytes)
Event: 1.633 Thread 0x0000000017727800 nmethod 1540 0x0000000003178910 code [0x0000000003178ac0, 0x0000000003178f78]
Event: 1.633 Thread 0x0000000017727800 1542       2       com.android.dx.cf.code.Ropper::addSetupBlocks (535 bytes)

GC Heap History (4 events):
Event: 1.370 GC heap before
{Heap before GC invocations=1 (full 0):
 PSYoungGen      total 38400K, used 33280K [0x00000000eab00000, 0x00000000ed580000, 0x0000000100000000)
  eden space 33280K, 100% used [0x00000000eab00000,0x00000000ecb80000,0x00000000ecb80000)
  from space 5120K, 0% used [0x00000000ed080000,0x00000000ed080000,0x00000000ed580000)
  to   space 5120K, 0% used [0x00000000ecb80000,0x00000000ecb80000,0x00000000ed080000)
 ParOldGen       total 87552K, used 0K [0x00000000c0000000, 0x00000000c5580000, 0x00000000eab00000)
  object space 87552K, 0% used [0x00000000c0000000,0x00000000c0000000,0x00000000c5580000)
 Metaspace       used 5964K, capacity 6896K, committed 7040K, reserved 1056768K
  class space    used 591K, capacity 616K, committed 640K, reserved 1048576K
Event: 1.385 GC heap after
Heap after GC invocations=1 (full 0):
 PSYoungGen      total 38400K, used 5103K [0x00000000eab00000, 0x00000000ed580000, 0x0000000100000000)
  eden space 33280K, 0% used [0x00000000eab00000,0x00000000eab00000,0x00000000ecb80000)
  from space 5120K, 99% used [0x00000000ecb80000,0x00000000ed07bfd0,0x00000000ed080000)
  to   space 5120K, 0% used [0x00000000ed080000,0x00000000ed080000,0x00000000ed580000)
 ParOldGen       total 87552K, used 1418K [0x00000000c0000000, 0x00000000c5580000, 0x00000000eab00000)
  object space 87552K, 1% used [0x00000000c0000000,0x00000000c0162a90,0x00000000c5580000)
 Metaspace       used 5964K, capacity 6896K, committed 7040K, reserved 1056768K
  class space    used 591K, capacity 616K, committed 640K, reserved 1048576K
}
Event: 1.584 GC heap before
{Heap before GC invocations=2 (full 0):
 PSYoungGen      total 38400K, used 38383K [0x00000000eab00000, 0x00000000ed580000, 0x0000000100000000)
  eden space 33280K, 100% used [0x00000000eab00000,0x00000000ecb80000,0x00000000ecb80000)
  from space 5120K, 99% used [0x00000000ecb80000,0x00000000ed07bfd0,0x00000000ed080000)
  to   space 5120K, 0% used [0x00000000ed080000,0x00000000ed080000,0x00000000ed580000)
 ParOldGen       total 87552K, used 1418K [0x00000000c0000000, 0x00000000c5580000, 0x00000000eab00000)
  object space 87552K, 1% used [0x00000000c0000000,0x00000000c0162a90,0x00000000c5580000)
 Metaspace       used 6119K, capacity 7024K, committed 7296K, reserved 1056768K
  class space    used 594K, capacity 616K, committed 640K, reserved 1048576K
Event: 1.593 GC heap after
Heap after GC invocations=2 (full 0):
 PSYoungGen      total 38400K, used 5119K [0x00000000eab00000, 0x00000000ef600000, 0x0000000100000000)
  eden space 33280K, 0% used [0x00000000eab00000,0x00000000eab00000,0x00000000ecb80000)
  from space 5120K, 99% used [0x00000000ed080000,0x00000000ed57ffa8,0x00000000ed580000)
  to   space 5120K, 0% used [0x00000000ecb80000,0x00000000ecb80000,0x00000000ed080000)
 ParOldGen       total 87552K, used 5565K [0x00000000c0000000, 0x00000000c5580000, 0x00000000eab00000)
  object space 87552K, 6% used [0x00000000c0000000,0x00000000c056f688,0x00000000c5580000)
 Metaspace       used 6119K, capacity 7024K, committed 7296K, reserved 1056768K
  class space    used 594K, capacity 616K, committed 640K, reserved 1048576K
}

Deoptimization events (8 events):
Event: 1.201 Thread 0x0000000017a01000 Uncommon trap: reason=bimorphic action=maybe_recompile pc=0x0000000002dc2728 method=java.util.HashMap.getNode(ILjava/lang/Object;)Ljava/util/HashMap$Node; @ 126
Event: 1.206 Thread 0x0000000017a01000 Uncommon trap: reason=bimorphic action=maybe_recompile pc=0x0000000002dc2728 method=java.util.HashMap.getNode(ILjava/lang/Object;)Ljava/util/HashMap$Node; @ 126
Event: 1.206 Thread 0x0000000017a01000 Uncommon trap: reason=bimorphic action=maybe_recompile pc=0x0000000002dc2728 method=java.util.HashMap.getNode(ILjava/lang/Object;)Ljava/util/HashMap$Node; @ 126
Event: 1.206 Thread 0x0000000017a01000 Uncommon trap: reason=bimorphic action=maybe_recompile pc=0x0000000002dc2728 method=java.util.HashMap.getNode(ILjava/lang/Object;)Ljava/util/HashMap$Node; @ 126
Event: 1.206 Thread 0x0000000017a01000 Uncommon trap: reason=bimorphic action=maybe_recompile pc=0x0000000002db33d0 method=java.util.HashMap.getNode(ILjava/lang/Object;)Ljava/util/HashMap$Node; @ 126
Event: 1.533 Thread 0x00000000028dd800 Uncommon trap: reason=unreached action=reinterpret pc=0x00000000030ec7a4 method=com.android.dx.cf.code.BytecodeArray.parseInstruction(ILcom/android/dx/cf/code/BytecodeArray$Visitor;)I @ 1198
Event: 1.564 Thread 0x00000000179a6800 Uncommon trap: reason=null_check action=make_not_entrant pc=0x0000000002ef835c method=com.android.dx.ssa.SsaRenamer.getLocalForNewReg(I)Lcom/android/dx/rop/code/LocalItem; @ 19
Event: 1.609 Thread 0x0000000017a49800 Uncommon trap: reason=null_check action=make_not_entrant pc=0x0000000002ed5720 method=com.android.dx.ssa.SsaRenamer.getLocalForNewReg(I)Lcom/android/dx/rop/code/LocalItem; @ 19

Internal exceptions (10 events):
Event: 1.148 Thread 0x00000000028dd800 Exception <a 'java/security/PrivilegedActionException'> (0x00000000ebb8fb38) thrown at [D:\re\workspace\8-2-build-windows-amd64-cygwin\jdk8u25\1677\hotspot\src\share\vm\prims\jvm.cpp, line 1312]
Event: 1.196 Thread 0x00000000028dd800 Exception <a 'java/security/PrivilegedActionException'> (0x00000000ec22a5f8) thrown at [D:\re\workspace\8-2-build-windows-amd64-cygwin\jdk8u25\1677\hotspot\src\share\vm\prims\jvm.cpp, line 1312]
Event: 1.196 Thread 0x00000000028dd800 Exception <a 'java/security/PrivilegedActionException'> (0x00000000ec22cf18) thrown at [D:\re\workspace\8-2-build-windows-amd64-cygwin\jdk8u25\1677\hotspot\src\share\vm\prims\jvm.cpp, line 1312]
Event: 1.453 Thread 0x0000000017a01000 Exception <a 'java/security/PrivilegedActionException'> (0x00000000eb66fc48) thrown at [D:\re\workspace\8-2-build-windows-amd64-cygwin\jdk8u25\1677\hotspot\src\share\vm\prims\jvm.cpp, line 1312]
Event: 1.454 Thread 0x0000000017a01000 Exception <a 'java/security/PrivilegedActionException'> (0x00000000eb675640) thrown at [D:\re\workspace\8-2-build-windows-amd64-cygwin\jdk8u25\1677\hotspot\src\share\vm\prims\jvm.cpp, line 1312]
Event: 1.456 Thread 0x0000000017a01000 Exception <a 'java/security/PrivilegedActionException'> (0x00000000eb67ae10) thrown at [D:\re\workspace\8-2-build-windows-amd64-cygwin\jdk8u25\1677\hotspot\src\share\vm\prims\jvm.cpp, line 1312]
Event: 1.564 Thread 0x00000000179a6800 Implicit null exception at 0x0000000002ef608d to 0x0000000002ef8335
Event: 1.609 Thread 0x0000000017a49800 Implicit null exception at 0x0000000002ed2ffc to 0x0000000002ed56fd
Event: 1.620 Thread 0x00000000028dd800 Exception <a 'java/security/PrivilegedActionException'> (0x00000000eb4e0740) thrown at [D:\re\workspace\8-2-build-windows-amd64-cygwin\jdk8u25\1677\hotspot\src\share\vm\prims\jvm.cpp, line 1312]
Event: 1.621 Thread 0x00000000028dd800 Exception <a 'java/security/PrivilegedActionException'> (0x00000000eb4e2ef0) thrown at [D:\re\workspace\8-2-build-windows-amd64-cygwin\jdk8u25\1677\hotspot\src\share\vm\prims\jvm.cpp, line 1312]

Events (10 events):
Event: 1.565 Thread 0x00000000179a6800 DEOPT UNPACKING pc=0x0000000002bd556a sp=0x0000000018f9e878 mode 2
Event: 1.583 Executing VM operation: ParallelGCFailedAllocation
Event: 1.593 Executing VM operation: ParallelGCFailedAllocation done
Event: 1.609 Thread 0x0000000017a49800 Uncommon trap: trap_request=0xfffffff4 fr.pc=0x0000000002ed5720
Event: 1.609 Thread 0x0000000017a49800 DEOPT PACKING pc=0x0000000002ed5720 sp=0x0000000018e9ec20
Event: 1.609 Thread 0x0000000017a49800 DEOPT UNPACKING pc=0x0000000002bd556a sp=0x0000000018e9eab8 mode 2
Event: 1.620 loading class com/android/dx/cf/attrib/AttDeprecated
Event: 1.620 loading class com/android/dx/cf/attrib/AttDeprecated done
Event: 1.621 loading class com/android/dx/cf/attrib/AttRuntimeVisibleAnnotations
Event: 1.621 loading class com/android/dx/cf/attrib/AttRuntimeVisibleAnnotations done


Dynamic libraries:
0x00007ff60ff30000 - 0x00007ff60ff64000 	C:\Program Files\Java\jdk1.8.0_25\bin\java.exe
0x00007fffd4ed0000 - 0x00007fffd5091000 	C:\WINDOWS\SYSTEM32\ntdll.dll
0x00007fffd4b20000 - 0x00007fffd4bcd000 	C:\WINDOWS\system32\KERNEL32.DLL
0x00007fffd2080000 - 0x00007fffd2268000 	C:\WINDOWS\system32\KERNELBASE.dll
0x00007fffd4bd0000 - 0x00007fffd4c77000 	C:\WINDOWS\system32\ADVAPI32.dll
0x00007fffd2a70000 - 0x00007fffd2b0d000 	C:\WINDOWS\system32\msvcrt.dll
0x00007fffd3470000 - 0x00007fffd34cb000 	C:\WINDOWS\system32\sechost.dll
0x00007fffd4db0000 - 0x00007fffd4ecc000 	C:\WINDOWS\system32\RPCRT4.dll
0x00007fffd2b10000 - 0x00007fffd2c66000 	C:\WINDOWS\system32\USER32.dll
0x00007fffd2830000 - 0x00007fffd29b6000 	C:\WINDOWS\system32\GDI32.dll
0x00007fffc7290000 - 0x00007fffc7504000 	C:\WINDOWS\WinSxS\amd64_microsoft.windows.common-controls_6595b64144ccf1df_6.0.10586.0_none_8c15ae12515e1c22\COMCTL32.dll
0x00007fffd25b0000 - 0x00007fffd282d000 	C:\WINDOWS\system32\combase.dll
0x00007fffd1cd0000 - 0x00007fffd1d3a000 	C:\WINDOWS\system32\bcryptPrimitives.dll
0x00007fffd22d0000 - 0x00007fffd230b000 	C:\WINDOWS\system32\IMM32.DLL
0x0000000056c80000 - 0x0000000056d52000 	C:\Program Files\Java\jdk1.8.0_25\jre\bin\msvcr100.dll
0x0000000057430000 - 0x0000000057c8a000 	C:\Program Files\Java\jdk1.8.0_25\jre\bin\server\jvm.dll
0x00007fffd23f0000 - 0x00007fffd23f8000 	C:\WINDOWS\system32\PSAPI.DLL
0x00007fffcfc30000 - 0x00007fffcfc53000 	C:\WINDOWS\SYSTEM32\WINMM.dll
0x00007fffc0c80000 - 0x00007fffc0c89000 	C:\WINDOWS\SYSTEM32\WSOCK32.dll
0x00007fffd4a30000 - 0x00007fffd4a9b000 	C:\WINDOWS\system32\WS2_32.dll
0x0000000002890000 - 0x00000000028bc000 	C:\WINDOWS\SYSTEM32\WINMMBASE.dll
0x00007fffd1630000 - 0x00007fffd1673000 	C:\WINDOWS\system32\cfgmgr32.dll
0x0000000057fd0000 - 0x0000000057fdf000 	C:\Program Files\Java\jdk1.8.0_25\jre\bin\verify.dll
0x0000000057fa0000 - 0x0000000057fc8000 	C:\Program Files\Java\jdk1.8.0_25\jre\bin\java.dll
0x0000000057f80000 - 0x0000000057f96000 	C:\Program Files\Java\jdk1.8.0_25\jre\bin\zip.dll
0x00007fffd34d0000 - 0x00007fffd4a2c000 	C:\WINDOWS\system32\SHELL32.dll
0x00007fffd1680000 - 0x00007fffd1cc4000 	C:\WINDOWS\system32\windows.storage.dll
0x00007fffd3410000 - 0x00007fffd3462000 	C:\WINDOWS\system32\shlwapi.dll
0x00007fffd1520000 - 0x00007fffd152f000 	C:\WINDOWS\system32\kernel.appcore.dll
0x00007fffd1fa0000 - 0x00007fffd2055000 	C:\WINDOWS\system32\shcore.dll
0x00007fffd1530000 - 0x00007fffd157b000 	C:\WINDOWS\system32\powrprof.dll
0x00007fffd1500000 - 0x00007fffd1514000 	C:\WINDOWS\system32\profapi.dll
0x00007fffb8650000 - 0x00007fffb87dc000 	C:\WINDOWS\SYSTEM32\dbghelp.dll

VM Arguments:
jvm_args: -Djava.awt.headless=true -Xmx1024M -Dfile.encoding=windows-1256 -Duser.country=US -Duser.language=en -Duser.variant 
java_command: com.android.dx.command.Main --dex --force-jumbo --num-threads=4 --multi-dex --output D:\Development\Android\PointsDiet\dev\PD6\app\build\intermediates\transforms\dex\debug\folders\1000\10\com.android.support-recyclerview-v7-23.3.0_8bc3d885889b1bd841292ca93ec403fe97e821b7 D:\Development\Android\PointsDiet\dev\PD6\app\build\intermediates\exploded-aar\com.android.support\recyclerview-v7\23.3.0\jars\classes.jar
java_class_path (initial): C:\Users\MSH\AppData\Local\Android\sdk\build-tools\23.0.3\lib\dx.jar
Launcher Type: SUN_STANDARD

Environment Variables:
JAVA_HOME=C:\Program Files\Java\jdk1.8.0_25
PATH=C:\ProgramData\Oracle\Java\javapath;C:\Program Files (x86)\Intel\iCLS Client\;C:\Program Files\Intel\iCLS Client\;C:\WINDOWS\system32;C:\WINDOWS;C:\WINDOWS\System32\Wbem;C:\WINDOWS\System32\WindowsPowerShell\v1.0\;C:\Program Files (x86)\Windows Live\Shared;c:\Program Files (x86)\Microsoft SQL Server\110\Tools\Binn\;c:\Program Files\Microsoft SQL Server\110\Tools\Binn\;c:\Program Files\Microsoft SQL Server\110\DTS\Binn\;c:\Program Files (x86)\Microsoft SQL Server\110\Tools\Binn\ManagementStudio\;c:\Program Files (x86)\Microsoft SQL Server\110\DTS\Binn\;C:\Program Files\MySQL\MySQL Server 5.6\bin;C:\Program Files (x86)\Intel\OpenCL SDK\2.0\bin\x86;C:\Program Files (x86)\Intel\OpenCL SDK\2.0\bin\x64;C:\Program Files\Intel\Intel(R) Management Engine Components\DAL;C:\Program Files\Intel\Intel(R) Management Engine Components\IPT;C:\Program Files (x86)\Intel\Intel(R) Management Engine Components\DAL;C:\Program Files (x86)\Intel\Intel(R) Management Engine Components\IPT;C:\Program Files (x86)\Microsoft ASP.NET\ASP.NET Web Pages\v1.0\;C:\Program Files\Microsoft\Web Platform Installer\;C:\Program Files (x86)\GtkSharp\2.12\bin;C:\Program Files (x86)\Microsoft SDKs\TypeScript\1.0\;;C:\Program Files (x86)\Microsoft VS Code\bin;C:\Python27;C:\Python27\Scripts
USERNAME=MSH
OS=Windows_NT
PROCESSOR_IDENTIFIER=Intel64 Family 6 Model 58 Stepping 9, GenuineIntel



---------------  S Y S T E M  ---------------

OS: Windows 8.1 , 64 bit Build 9600 

CPU:total 8 (4 cores per cpu, 2 threads per core) family 6 model 58 stepping 9, cmov, cx8, fxsr, mmx, sse, sse2, sse3, ssse3, sse4.1, sse4.2, popcnt, avx, aes, clmul, erms, ht, tsc, tscinvbit, tscinv

Memory: 4k page, physical 8272500k(785196k free), swap 25049716k(7444k free)

vm_info: Java HotSpot(TM) 64-Bit Server VM (25.25-b02) for windows-amd64 JRE (1.8.0_25-b18), built on Oct  7 2014 14:25:37 by "java_re" with MS VC++ 10.0 (VS2010)

time: Thu Jul 07 21:29:52 2016
elapsed time: 1 seconds (0d 0h 0m 1s)

